[2023-07-04 23:21:45]	CAD-CAP: train information on CAD-CAP dataset

[2023-07-04 23:21:45]	The List of Hyperparameters:
[2023-07-04 23:21:45]	--batch_size = 64
[2023-07-04 23:21:45]	--datadir = ../data/MICCAI_wcetraining811
[2023-07-04 23:21:45]	--dataset = CADCAP
[2023-07-04 23:21:45]	--epochs = 60
[2023-07-04 23:21:45]	--gpu = 0
[2023-07-04 23:21:45]	--lr = 0.01
[2023-07-04 23:21:45]	--model = ResNext50_32x4d
[2023-07-04 23:21:45]	--num_classes = 3
[2023-07-04 23:21:45]	--num_workers = 12
[2023-07-04 23:21:45]	--optimizer = SGD
[2023-07-04 23:21:45]	--seed = 42
[2023-07-04 23:21:45]	--weight_decay = 0.0
[2023-07-04 23:21:45]	True
[2023-07-04 23:21:45]	{'inflammatory': 0, 'normal': 1, 'vascularlesions': 2}
[2023-07-04 23:21:45]	train_data_size = 1450, valid_data_size = 179, test_data_size = 183
[2023-07-04 23:21:45]	class_weight = tensor([3., 3., 3.]), open the function of 'get_weight' in load_data to compute class_weight, please save class_weight value and remove the time-consuming 'get_weight' from load_data
[2023-07-04 23:21:49]	


************************Epoch: 1/60***********************
[2023-07-04 23:22:05]	[[19. 15. 15.]
 [ 4. 12.  6.]
 [36. 33. 39.]]
[2023-07-04 23:22:05]	the model accuracy is 0.39106145251396646
[2023-07-04 23:22:05]	+---------+-----------+--------+-------------+
|         | Precision | Recall | Specificity |
+---------+-----------+--------+-------------+
| class-0 |   0.388   | 0.322  |     0.75    |
| class-1 |   0.545   |  0.2   |    0.916    |
| class-2 |   0.361   |  0.65  |     0.42    |
+---------+-----------+--------+-------------+
[2023-07-04 23:22:05]	valid-macro-F1-Score:0.3696
[2023-07-04 23:22:05]	Epoch: 001, Training: Loss: 1.2915, Accuracy: 34.6207 %, 
		Validation: Loss: 1.0977, Accuracy:39.1061 %, Time: 15.6784s
[2023-07-04 23:22:05]	Best Accuracy for validation : 0.3911 at epoch 001
[2023-07-04 23:22:05]	Best F1-score for validation : 0.3696 at epoch 001
[2023-07-04 23:22:05]	learning rate = 0.009975923633360985
[2023-07-04 23:22:05]	


************************Epoch: 2/60***********************
[2023-07-04 23:22:17]	[[55. 40. 56.]
 [ 0. 14.  0.]
 [ 4.  6.  4.]]
[2023-07-04 23:22:17]	the model accuracy is 0.40782122905027934
[2023-07-04 23:22:17]	+---------+-----------+--------+-------------+
|         | Precision | Recall | Specificity |
+---------+-----------+--------+-------------+
| class-0 |   0.364   | 0.932  |     0.2     |
| class-1 |    1.0    | 0.233  |     1.0     |
| class-2 |   0.286   | 0.067  |    0.916    |
+---------+-----------+--------+-------------+
[2023-07-04 23:22:17]	valid-macro-F1-Score:0.3368
[2023-07-04 23:22:17]	Epoch: 002, Training: Loss: 1.0448, Accuracy: 35.5172 %, 
		Validation: Loss: 1.0807, Accuracy:40.7821 %, Time: 12.2508s
[2023-07-04 23:22:17]	Best Accuracy for validation : 0.4078 at epoch 002
[2023-07-04 23:22:17]	Best F1-score for validation : 0.3696 at epoch 001
[2023-07-04 23:22:17]	learning rate = 0.009903926402016152
[2023-07-04 23:22:17]	


************************Epoch: 3/60***********************
[2023-07-04 23:22:29]	[[59. 48. 60.]
 [ 0.  2.  0.]
 [ 0. 10.  0.]]
[2023-07-04 23:22:29]	the model accuracy is 0.3407821229050279
[2023-07-04 23:22:29]	+---------+-----------+--------+-------------+
|         | Precision | Recall | Specificity |
+---------+-----------+--------+-------------+
| class-0 |   0.353   |  1.0   |     0.1     |
| class-1 |    1.0    | 0.033  |     1.0     |
| class-2 |    0.0    |  0.0   |    0.916    |
+---------+-----------+--------+-------------+
[2023-07-04 23:22:29]	valid-macro-F1-Score:0.1955
[2023-07-04 23:22:29]	Epoch: 003, Training: Loss: 1.0530, Accuracy: 34.6897 %, 
		Validation: Loss: 1.0436, Accuracy:34.0782 %, Time: 11.9564s
[2023-07-04 23:22:29]	Best Accuracy for validation : 0.4078 at epoch 002
[2023-07-04 23:22:29]	Best F1-score for validation : 0.3696 at epoch 001
[2023-07-04 23:22:29]	learning rate = 0.009784701678661044
[2023-07-04 23:22:29]	


************************Epoch: 4/60***********************
[2023-07-04 23:22:41]	[[59. 18. 60.]
 [ 0. 41.  0.]
 [ 0.  1.  0.]]
[2023-07-04 23:22:41]	the model accuracy is 0.5586592178770949
[2023-07-04 23:22:41]	+---------+-----------+--------+-------------+
|         | Precision | Recall | Specificity |
+---------+-----------+--------+-------------+
| class-0 |   0.431   |  1.0   |     0.35    |
| class-1 |    1.0    | 0.683  |     1.0     |
| class-2 |    0.0    |  0.0   |    0.992    |
+---------+-----------+--------+-------------+
[2023-07-04 23:22:41]	valid-macro-F1-Score:0.4713
[2023-07-04 23:22:41]	Epoch: 004, Training: Loss: 0.8934, Accuracy: 45.4483 %, 
		Validation: Loss: 1.0199, Accuracy:55.8659 %, Time: 11.9410s
[2023-07-04 23:22:41]	Best Accuracy for validation : 0.5587 at epoch 004
[2023-07-04 23:22:41]	Best F1-score for validation : 0.4713 at epoch 004
[2023-07-04 23:22:41]	learning rate = 0.009619397662556433
[2023-07-04 23:22:42]	


************************Epoch: 5/60***********************
[2023-07-04 23:22:54]	[[59. 15. 60.]
 [ 0. 45.  0.]
 [ 0.  0.  0.]]
[2023-07-04 23:22:54]	the model accuracy is 0.5810055865921788
[2023-07-04 23:22:54]	+---------+-----------+--------+-------------+
|         | Precision | Recall | Specificity |
+---------+-----------+--------+-------------+
| class-0 |    0.44   |  1.0   |    0.375    |
| class-1 |    1.0    |  0.75  |     1.0     |
| class-2 |    0.0    |  0.0   |     1.0     |
+---------+-----------+--------+-------------+
[2023-07-04 23:22:54]	valid-macro-F1-Score:0.4895
[2023-07-04 23:22:54]	Epoch: 005, Training: Loss: 0.7166, Accuracy: 62.6897 %, 
		Validation: Loss: 0.9803, Accuracy:58.1006 %, Time: 12.2050s
[2023-07-04 23:22:54]	Best Accuracy for validation : 0.5810 at epoch 005
[2023-07-04 23:22:54]	Best F1-score for validation : 0.4895 at epoch 005
[2023-07-04 23:22:54]	learning rate = 0.009409606321741773
[2023-07-04 23:22:54]	


************************Epoch: 6/60***********************
[2023-07-04 23:23:06]	[[53.  1.  6.]
 [ 2. 59.  1.]
 [ 4.  0. 53.]]
[2023-07-04 23:23:06]	the model accuracy is 0.9217877094972067
[2023-07-04 23:23:06]	+---------+-----------+--------+-------------+
|         | Precision | Recall | Specificity |
+---------+-----------+--------+-------------+
| class-0 |   0.883   | 0.898  |    0.942    |
| class-1 |   0.952   | 0.983  |    0.975    |
| class-2 |    0.93   | 0.883  |    0.966    |
+---------+-----------+--------+-------------+
[2023-07-04 23:23:06]	valid-macro-F1-Score:0.9213
[2023-07-04 23:23:06]	Epoch: 006, Training: Loss: 0.6469, Accuracy: 71.1724 %, 
		Validation: Loss: 0.8640, Accuracy:92.1788 %, Time: 12.2216s
[2023-07-04 23:23:06]	Best Accuracy for validation : 0.9218 at epoch 006
[2023-07-04 23:23:06]	Best F1-score for validation : 0.9213 at epoch 006
[2023-07-04 23:23:06]	learning rate = 0.009157348061512725
[2023-07-04 23:23:07]	


************************Epoch: 7/60***********************
[2023-07-04 23:23:19]	[[43.  0.  0.]
 [ 4. 60.  1.]
 [12.  0. 59.]]
[2023-07-04 23:23:19]	the model accuracy is 0.9050279329608939
[2023-07-04 23:23:19]	+---------+-----------+--------+-------------+
|         | Precision | Recall | Specificity |
+---------+-----------+--------+-------------+
| class-0 |    1.0    | 0.729  |     1.0     |
| class-1 |   0.923   |  1.0   |    0.958    |
| class-2 |   0.831   | 0.983  |    0.899    |
+---------+-----------+--------+-------------+
[2023-07-04 23:23:19]	valid-macro-F1-Score:0.9013
[2023-07-04 23:23:19]	Epoch: 007, Training: Loss: 0.5419, Accuracy: 85.9310 %, 
		Validation: Loss: 0.7346, Accuracy:90.5028 %, Time: 11.9898s
[2023-07-04 23:23:19]	Best Accuracy for validation : 0.9218 at epoch 006
[2023-07-04 23:23:19]	Best F1-score for validation : 0.9213 at epoch 006
[2023-07-04 23:23:19]	learning rate = 0.008865052266813682
[2023-07-04 23:23:19]	


************************Epoch: 8/60***********************
[2023-07-04 23:23:31]	[[54.  1.  5.]
 [ 1. 58.  0.]
 [ 4.  1. 55.]]
[2023-07-04 23:23:31]	the model accuracy is 0.9329608938547486
[2023-07-04 23:23:31]	+---------+-----------+--------+-------------+
|         | Precision | Recall | Specificity |
+---------+-----------+--------+-------------+
| class-0 |    0.9    | 0.915  |     0.95    |
| class-1 |   0.983   | 0.967  |    0.992    |
| class-2 |   0.917   | 0.917  |    0.958    |
+---------+-----------+--------+-------------+
[2023-07-04 23:23:31]	valid-macro-F1-Score:0.9330
[2023-07-04 23:23:31]	Epoch: 008, Training: Loss: 0.5056, Accuracy: 88.8276 %, 
		Validation: Loss: 0.6792, Accuracy:93.2961 %, Time: 12.0736s
[2023-07-04 23:23:31]	Best Accuracy for validation : 0.9330 at epoch 008
[2023-07-04 23:23:31]	Best F1-score for validation : 0.9330 at epoch 008
[2023-07-04 23:23:31]	learning rate = 0.008535533905932735
[2023-07-04 23:23:31]	


************************Epoch: 9/60***********************
[2023-07-04 23:23:43]	[[54.  0.  9.]
 [ 3. 60.  2.]
 [ 2.  0. 49.]]
[2023-07-04 23:23:43]	the model accuracy is 0.9106145251396648
[2023-07-04 23:23:43]	+---------+-----------+--------+-------------+
|         | Precision | Recall | Specificity |
+---------+-----------+--------+-------------+
| class-0 |   0.857   | 0.915  |    0.925    |
| class-1 |   0.923   |  1.0   |    0.958    |
| class-2 |   0.961   | 0.817  |    0.983    |
+---------+-----------+--------+-------------+
[2023-07-04 23:23:43]	valid-macro-F1-Score:0.9094
[2023-07-04 23:23:43]	Epoch: 009, Training: Loss: 0.5618, Accuracy: 84.4138 %, 
		Validation: Loss: 0.6670, Accuracy:91.0615 %, Time: 11.7585s
[2023-07-04 23:23:43]	Best Accuracy for validation : 0.9330 at epoch 008
[2023-07-04 23:23:43]	Best F1-score for validation : 0.9330 at epoch 008
[2023-07-04 23:23:43]	learning rate = 0.008171966420818225
[2023-07-04 23:23:43]	


************************Epoch: 10/60***********************
[2023-07-04 23:23:55]	[[55.  0.  3.]
 [ 1. 60.  1.]
 [ 3.  0. 56.]]
[2023-07-04 23:23:55]	the model accuracy is 0.9553072625698324
[2023-07-04 23:23:55]	+---------+-----------+--------+-------------+
|         | Precision | Recall | Specificity |
+---------+-----------+--------+-------------+
| class-0 |   0.948   | 0.932  |    0.975    |
| class-1 |   0.968   |  1.0   |    0.983    |
| class-2 |   0.949   | 0.933  |    0.975    |
+---------+-----------+--------+-------------+
[2023-07-04 23:23:55]	valid-macro-F1-Score:0.9550
[2023-07-04 23:23:55]	Epoch: 010, Training: Loss: 0.5177, Accuracy: 88.0000 %, 
		Validation: Loss: 0.6284, Accuracy:95.5307 %, Time: 11.9182s
[2023-07-04 23:23:55]	Best Accuracy for validation : 0.9553 at epoch 010
[2023-07-04 23:23:55]	Best F1-score for validation : 0.9550 at epoch 010
[2023-07-04 23:23:55]	learning rate = 0.007777851165098009
[2023-07-04 23:23:55]	


************************Epoch: 11/60***********************
[2023-07-04 23:24:07]	[[55.  1.  3.]
 [ 0. 59.  0.]
 [ 4.  0. 57.]]
[2023-07-04 23:24:07]	the model accuracy is 0.9553072625698324
[2023-07-04 23:24:07]	+---------+-----------+--------+-------------+
|         | Precision | Recall | Specificity |
+---------+-----------+--------+-------------+
| class-0 |   0.932   | 0.932  |    0.967    |
| class-1 |    1.0    | 0.983  |     1.0     |
| class-2 |   0.934   |  0.95  |    0.966    |
+---------+-----------+--------+-------------+
[2023-07-04 23:24:07]	valid-macro-F1-Score:0.9553
[2023-07-04 23:24:07]	Epoch: 011, Training: Loss: 0.4921, Accuracy: 89.8621 %, 
		Validation: Loss: 0.6028, Accuracy:95.5307 %, Time: 11.7408s
[2023-07-04 23:24:07]	Best Accuracy for validation : 0.9553 at epoch 010
[2023-07-04 23:24:07]	Best F1-score for validation : 0.9553 at epoch 011
[2023-07-04 23:24:07]	learning rate = 0.007356983684129987
[2023-07-04 23:24:07]	


************************Epoch: 12/60***********************
[2023-07-04 23:24:19]	[[57.  2.  8.]
 [ 0. 58.  0.]
 [ 2.  0. 52.]]
[2023-07-04 23:24:19]	the model accuracy is 0.9329608938547486
[2023-07-04 23:24:19]	+---------+-----------+--------+-------------+
|         | Precision | Recall | Specificity |
+---------+-----------+--------+-------------+
| class-0 |   0.851   | 0.966  |    0.917    |
| class-1 |    1.0    | 0.967  |     1.0     |
| class-2 |   0.963   | 0.867  |    0.983    |
+---------+-----------+--------+-------------+
[2023-07-04 23:24:19]	valid-macro-F1-Score:0.9334
[2023-07-04 23:24:19]	Epoch: 012, Training: Loss: 0.4859, Accuracy: 90.0000 %, 
		Validation: Loss: 0.6318, Accuracy:93.2961 %, Time: 11.9286s
[2023-07-04 23:24:19]	Best Accuracy for validation : 0.9553 at epoch 010
[2023-07-04 23:24:19]	Best F1-score for validation : 0.9553 at epoch 011
[2023-07-04 23:24:19]	learning rate = 0.006913417161825447
[2023-07-04 23:24:19]	


************************Epoch: 13/60***********************
[2023-07-04 23:24:31]	[[51.  0.  1.]
 [ 1. 60.  0.]
 [ 7.  0. 59.]]
[2023-07-04 23:24:31]	the model accuracy is 0.9497206703910615
[2023-07-04 23:24:31]	+---------+-----------+--------+-------------+
|         | Precision | Recall | Specificity |
+---------+-----------+--------+-------------+
| class-0 |   0.981   | 0.864  |    0.992    |
| class-1 |   0.984   |  1.0   |    0.992    |
| class-2 |   0.894   | 0.983  |    0.941    |
+---------+-----------+--------+-------------+
[2023-07-04 23:24:31]	valid-macro-F1-Score:0.9491
[2023-07-04 23:24:31]	Epoch: 013, Training: Loss: 0.5016, Accuracy: 89.9310 %, 
		Validation: Loss: 0.6019, Accuracy:94.9721 %, Time: 11.9024s
[2023-07-04 23:24:31]	Best Accuracy for validation : 0.9553 at epoch 010
[2023-07-04 23:24:31]	Best F1-score for validation : 0.9553 at epoch 011
[2023-07-04 23:24:31]	learning rate = 0.006451423386272309
[2023-07-04 23:24:31]	


************************Epoch: 14/60***********************
[2023-07-04 23:24:43]	[[56.  0.  7.]
 [ 2. 60.  1.]
 [ 1.  0. 52.]]
[2023-07-04 23:24:43]	the model accuracy is 0.9385474860335196
[2023-07-04 23:24:43]	+---------+-----------+--------+-------------+
|         | Precision | Recall | Specificity |
+---------+-----------+--------+-------------+
| class-0 |   0.889   | 0.949  |    0.942    |
| class-1 |   0.952   |  1.0   |    0.975    |
| class-2 |   0.981   | 0.867  |    0.992    |
+---------+-----------+--------+-------------+
[2023-07-04 23:24:43]	valid-macro-F1-Score:0.9380
[2023-07-04 23:24:43]	Epoch: 014, Training: Loss: 0.5369, Accuracy: 90.6897 %, 
		Validation: Loss: 0.6234, Accuracy:93.8547 %, Time: 12.0857s
[2023-07-04 23:24:43]	Best Accuracy for validation : 0.9553 at epoch 010
[2023-07-04 23:24:43]	Best F1-score for validation : 0.9553 at epoch 011
[2023-07-04 23:24:43]	learning rate = 0.005975451610080639
[2023-07-04 23:24:43]	


************************Epoch: 15/60***********************
[2023-07-04 23:24:55]	[[57.  3.  4.]
 [ 1. 56.  0.]
 [ 1.  1. 56.]]
[2023-07-04 23:24:55]	the model accuracy is 0.9441340782122905
[2023-07-04 23:24:55]	+---------+-----------+--------+-------------+
|         | Precision | Recall | Specificity |
+---------+-----------+--------+-------------+
| class-0 |   0.891   | 0.966  |    0.942    |
| class-1 |   0.982   | 0.933  |    0.992    |
| class-2 |   0.966   | 0.933  |    0.983    |
+---------+-----------+--------+-------------+
[2023-07-04 23:24:55]	valid-macro-F1-Score:0.9444
[2023-07-04 23:24:55]	Epoch: 015, Training: Loss: 0.4710, Accuracy: 91.1724 %, 
		Validation: Loss: 0.6116, Accuracy:94.4134 %, Time: 12.1779s
[2023-07-04 23:24:55]	Best Accuracy for validation : 0.9553 at epoch 010
[2023-07-04 23:24:55]	Best F1-score for validation : 0.9553 at epoch 011
[2023-07-04 23:24:55]	learning rate = 0.005490085701647802
[2023-07-04 23:24:55]	


************************Epoch: 16/60***********************
[2023-07-04 23:25:07]	[[56.  0.  1.]
 [ 2. 60.  1.]
 [ 1.  0. 58.]]
[2023-07-04 23:25:07]	the model accuracy is 0.9720670391061452
[2023-07-04 23:25:07]	+---------+-----------+--------+-------------+
|         | Precision | Recall | Specificity |
+---------+-----------+--------+-------------+
| class-0 |   0.982   | 0.949  |    0.992    |
| class-1 |   0.952   |  1.0   |    0.975    |
| class-2 |   0.983   | 0.967  |    0.992    |
+---------+-----------+--------+-------------+
[2023-07-04 23:25:07]	valid-macro-F1-Score:0.9720
[2023-07-04 23:25:07]	Epoch: 016, Training: Loss: 0.4476, Accuracy: 93.0345 %, 
		Validation: Loss: 0.5862, Accuracy:97.2067 %, Time: 11.7843s
[2023-07-04 23:25:07]	Best Accuracy for validation : 0.9721 at epoch 016
[2023-07-04 23:25:07]	Best F1-score for validation : 0.9720 at epoch 016
[2023-07-04 23:25:07]	learning rate = 0.0049999999999999975
[2023-07-04 23:25:07]	


************************Epoch: 17/60***********************
[2023-07-04 23:25:19]	[[57.  0.  1.]
 [ 1. 59.  1.]
 [ 1.  1. 58.]]
[2023-07-04 23:25:19]	the model accuracy is 0.9720670391061452
[2023-07-04 23:25:19]	+---------+-----------+--------+-------------+
|         | Precision | Recall | Specificity |
+---------+-----------+--------+-------------+
| class-0 |   0.983   | 0.966  |    0.992    |
| class-1 |   0.967   | 0.983  |    0.983    |
| class-2 |   0.967   | 0.967  |    0.983    |
+---------+-----------+--------+-------------+
[2023-07-04 23:25:19]	valid-macro-F1-Score:0.9721
[2023-07-04 23:25:19]	Epoch: 017, Training: Loss: 0.4663, Accuracy: 92.2069 %, 
		Validation: Loss: 0.5850, Accuracy:97.2067 %, Time: 11.8581s
[2023-07-04 23:25:19]	Best Accuracy for validation : 0.9721 at epoch 016
[2023-07-04 23:25:19]	Best F1-score for validation : 0.9721 at epoch 017
[2023-07-04 23:25:19]	learning rate = 0.004509914298352195
[2023-07-04 23:25:19]	


************************Epoch: 18/60***********************
[2023-07-04 23:25:31]	[[57.  0.  3.]
 [ 1. 60.  1.]
 [ 1.  0. 56.]]
[2023-07-04 23:25:31]	the model accuracy is 0.9664804469273743
[2023-07-04 23:25:31]	+---------+-----------+--------+-------------+
|         | Precision | Recall | Specificity |
+---------+-----------+--------+-------------+
| class-0 |    0.95   | 0.966  |    0.975    |
| class-1 |   0.968   |  1.0   |    0.983    |
| class-2 |   0.982   | 0.933  |    0.992    |
+---------+-----------+--------+-------------+
[2023-07-04 23:25:31]	valid-macro-F1-Score:0.9663
[2023-07-04 23:25:31]	Epoch: 018, Training: Loss: 0.4711, Accuracy: 94.3448 %, 
		Validation: Loss: 0.5906, Accuracy:96.6480 %, Time: 11.9110s
[2023-07-04 23:25:31]	Best Accuracy for validation : 0.9721 at epoch 016
[2023-07-04 23:25:31]	Best F1-score for validation : 0.9721 at epoch 017
[2023-07-04 23:25:31]	learning rate = 0.004024548389919357
[2023-07-04 23:25:31]	


************************Epoch: 19/60***********************
[2023-07-04 23:25:43]	[[57.  0.  6.]
 [ 1. 60.  1.]
 [ 1.  0. 53.]]
[2023-07-04 23:25:43]	the model accuracy is 0.9497206703910615
[2023-07-04 23:25:43]	+---------+-----------+--------+-------------+
|         | Precision | Recall | Specificity |
+---------+-----------+--------+-------------+
| class-0 |   0.905   | 0.966  |     0.95    |
| class-1 |   0.968   |  1.0   |    0.983    |
| class-2 |   0.981   | 0.883  |    0.992    |
+---------+-----------+--------+-------------+
[2023-07-04 23:25:43]	valid-macro-F1-Score:0.9493
[2023-07-04 23:25:43]	Epoch: 019, Training: Loss: 0.4719, Accuracy: 93.7931 %, 
		Validation: Loss: 0.6025, Accuracy:94.9721 %, Time: 11.8952s
[2023-07-04 23:25:43]	Best Accuracy for validation : 0.9721 at epoch 016
[2023-07-04 23:25:43]	Best F1-score for validation : 0.9721 at epoch 017
[2023-07-04 23:25:43]	learning rate = 0.0035485766137276875
[2023-07-04 23:25:43]	


************************Epoch: 20/60***********************
[2023-07-04 23:25:55]	[[55.  0.  2.]
 [ 0. 59.  0.]
 [ 4.  1. 58.]]
[2023-07-04 23:25:55]	the model accuracy is 0.9608938547486033
[2023-07-04 23:25:55]	+---------+-----------+--------+-------------+
|         | Precision | Recall | Specificity |
+---------+-----------+--------+-------------+
| class-0 |   0.965   | 0.932  |    0.983    |
| class-1 |    1.0    | 0.983  |     1.0     |
| class-2 |   0.921   | 0.967  |    0.958    |
+---------+-----------+--------+-------------+
[2023-07-04 23:25:55]	valid-macro-F1-Score:0.9610
[2023-07-04 23:25:55]	Epoch: 020, Training: Loss: 0.5074, Accuracy: 93.7931 %, 
		Validation: Loss: 0.5913, Accuracy:96.0894 %, Time: 11.9446s
[2023-07-04 23:25:55]	Best Accuracy for validation : 0.9721 at epoch 016
[2023-07-04 23:25:55]	Best F1-score for validation : 0.9721 at epoch 017
[2023-07-04 23:25:55]	learning rate = 0.0030865828381745498
[2023-07-04 23:25:55]	


************************Epoch: 21/60***********************
[2023-07-04 23:26:07]	[[55.  0.  2.]
 [ 0. 60.  0.]
 [ 4.  0. 58.]]
[2023-07-04 23:26:07]	the model accuracy is 0.9664804469273743
[2023-07-04 23:26:07]	+---------+-----------+--------+-------------+
|         | Precision | Recall | Specificity |
+---------+-----------+--------+-------------+
| class-0 |   0.965   | 0.932  |    0.983    |
| class-1 |    1.0    |  1.0   |     1.0     |
| class-2 |   0.935   | 0.967  |    0.966    |
+---------+-----------+--------+-------------+
[2023-07-04 23:26:07]	valid-macro-F1-Score:0.9664
[2023-07-04 23:26:07]	Epoch: 021, Training: Loss: 0.5406, Accuracy: 92.1379 %, 
		Validation: Loss: 0.5868, Accuracy:96.6480 %, Time: 12.1010s
[2023-07-04 23:26:07]	Best Accuracy for validation : 0.9721 at epoch 016
[2023-07-04 23:26:07]	Best F1-score for validation : 0.9721 at epoch 017
[2023-07-04 23:26:07]	learning rate = 0.00264301631587001
[2023-07-04 23:26:07]	


************************Epoch: 22/60***********************
[2023-07-04 23:26:19]	[[57.  0.  3.]
 [ 1. 60.  2.]
 [ 1.  0. 55.]]
[2023-07-04 23:26:19]	the model accuracy is 0.9608938547486033
[2023-07-04 23:26:19]	+---------+-----------+--------+-------------+
|         | Precision | Recall | Specificity |
+---------+-----------+--------+-------------+
| class-0 |    0.95   | 0.966  |    0.975    |
| class-1 |   0.952   |  1.0   |    0.975    |
| class-2 |   0.982   | 0.917  |    0.992    |
+---------+-----------+--------+-------------+
[2023-07-04 23:26:19]	valid-macro-F1-Score:0.9606
[2023-07-04 23:26:19]	Epoch: 022, Training: Loss: 0.5058, Accuracy: 92.1379 %, 
		Validation: Loss: 0.5906, Accuracy:96.0894 %, Time: 11.9813s
[2023-07-04 23:26:19]	Best Accuracy for validation : 0.9721 at epoch 016
[2023-07-04 23:26:19]	Best F1-score for validation : 0.9721 at epoch 017
[2023-07-04 23:26:19]	learning rate = 0.002222148834901989
[2023-07-04 23:26:19]	


************************Epoch: 23/60***********************
[2023-07-04 23:26:31]	[[57.  0.  5.]
 [ 1. 60.  0.]
 [ 1.  0. 55.]]
[2023-07-04 23:26:31]	the model accuracy is 0.9608938547486033
[2023-07-04 23:26:31]	+---------+-----------+--------+-------------+
|         | Precision | Recall | Specificity |
+---------+-----------+--------+-------------+
| class-0 |   0.919   | 0.966  |    0.958    |
| class-1 |   0.984   |  1.0   |    0.992    |
| class-2 |   0.982   | 0.917  |    0.992    |
+---------+-----------+--------+-------------+
[2023-07-04 23:26:31]	valid-macro-F1-Score:0.9607
[2023-07-04 23:26:31]	Epoch: 023, Training: Loss: 0.4995, Accuracy: 93.6552 %, 
		Validation: Loss: 0.5943, Accuracy:96.0894 %, Time: 11.9878s
[2023-07-04 23:26:31]	Best Accuracy for validation : 0.9721 at epoch 016
[2023-07-04 23:26:31]	Best F1-score for validation : 0.9721 at epoch 017
[2023-07-04 23:26:31]	learning rate = 0.0018280335791817722
[2023-07-04 23:26:31]	


************************Epoch: 24/60***********************
[2023-07-04 23:26:43]	[[58.  0.  4.]
 [ 0. 60.  1.]
 [ 1.  0. 55.]]
[2023-07-04 23:26:43]	the model accuracy is 0.9664804469273743
[2023-07-04 23:26:43]	+---------+-----------+--------+-------------+
|         | Precision | Recall | Specificity |
+---------+-----------+--------+-------------+
| class-0 |   0.935   | 0.983  |    0.967    |
| class-1 |   0.984   |  1.0   |    0.992    |
| class-2 |   0.982   | 0.917  |    0.992    |
+---------+-----------+--------+-------------+
[2023-07-04 23:26:43]	valid-macro-F1-Score:0.9662
[2023-07-04 23:26:43]	Epoch: 024, Training: Loss: 0.4868, Accuracy: 94.6207 %, 
		Validation: Loss: 0.5831, Accuracy:96.6480 %, Time: 12.0665s
[2023-07-04 23:26:43]	Best Accuracy for validation : 0.9721 at epoch 016
[2023-07-04 23:26:43]	Best F1-score for validation : 0.9721 at epoch 017
[2023-07-04 23:26:43]	learning rate = 0.001464466094067262
[2023-07-04 23:26:43]	


************************Epoch: 25/60***********************
[2023-07-04 23:26:55]	[[57.  0.  3.]
 [ 1. 60.  0.]
 [ 1.  0. 57.]]
[2023-07-04 23:26:55]	the model accuracy is 0.9720670391061452
[2023-07-04 23:26:55]	+---------+-----------+--------+-------------+
|         | Precision | Recall | Specificity |
+---------+-----------+--------+-------------+
| class-0 |    0.95   | 0.966  |    0.975    |
| class-1 |   0.984   |  1.0   |    0.992    |
| class-2 |   0.983   |  0.95  |    0.992    |
+---------+-----------+--------+-------------+
[2023-07-04 23:26:55]	valid-macro-F1-Score:0.9719
[2023-07-04 23:26:55]	Epoch: 025, Training: Loss: 0.5013, Accuracy: 94.7586 %, 
		Validation: Loss: 0.5798, Accuracy:97.2067 %, Time: 12.0145s
[2023-07-04 23:26:55]	Best Accuracy for validation : 0.9721 at epoch 025
[2023-07-04 23:26:55]	Best F1-score for validation : 0.9721 at epoch 017
[2023-07-04 23:26:55]	learning rate = 0.0011349477331863145
[2023-07-04 23:26:55]	


************************Epoch: 26/60***********************
[2023-07-04 23:27:07]	[[57.  0.  5.]
 [ 1. 60.  0.]
 [ 1.  0. 55.]]
[2023-07-04 23:27:07]	the model accuracy is 0.9608938547486033
[2023-07-04 23:27:07]	+---------+-----------+--------+-------------+
|         | Precision | Recall | Specificity |
+---------+-----------+--------+-------------+
| class-0 |   0.919   | 0.966  |    0.958    |
| class-1 |   0.984   |  1.0   |    0.992    |
| class-2 |   0.982   | 0.917  |    0.992    |
+---------+-----------+--------+-------------+
[2023-07-04 23:27:07]	valid-macro-F1-Score:0.9607
[2023-07-04 23:27:07]	Epoch: 026, Training: Loss: 0.4711, Accuracy: 95.3103 %, 
		Validation: Loss: 0.5866, Accuracy:96.0894 %, Time: 11.9178s
[2023-07-04 23:27:07]	Best Accuracy for validation : 0.9721 at epoch 025
[2023-07-04 23:27:07]	Best F1-score for validation : 0.9721 at epoch 017
[2023-07-04 23:27:07]	learning rate = 0.0008426519384872728
[2023-07-04 23:27:07]	


************************Epoch: 27/60***********************
[2023-07-04 23:27:19]	[[57.  0.  4.]
 [ 1. 60.  0.]
 [ 1.  0. 56.]]
[2023-07-04 23:27:19]	the model accuracy is 0.9664804469273743
[2023-07-04 23:27:19]	+---------+-----------+--------+-------------+
|         | Precision | Recall | Specificity |
+---------+-----------+--------+-------------+
| class-0 |   0.934   | 0.966  |    0.967    |
| class-1 |   0.984   |  1.0   |    0.992    |
| class-2 |   0.982   | 0.933  |    0.992    |
+---------+-----------+--------+-------------+
[2023-07-04 23:27:19]	valid-macro-F1-Score:0.9663
[2023-07-04 23:27:19]	Epoch: 027, Training: Loss: 0.5015, Accuracy: 95.6552 %, 
		Validation: Loss: 0.5877, Accuracy:96.6480 %, Time: 12.0300s
[2023-07-04 23:27:19]	Best Accuracy for validation : 0.9721 at epoch 025
[2023-07-04 23:27:19]	Best F1-score for validation : 0.9721 at epoch 017
[2023-07-04 23:27:19]	learning rate = 0.000590393678258225
[2023-07-04 23:27:19]	


************************Epoch: 28/60***********************
[2023-07-04 23:27:31]	[[57.  0.  3.]
 [ 1. 60.  0.]
 [ 1.  0. 57.]]
[2023-07-04 23:27:31]	the model accuracy is 0.9720670391061452
[2023-07-04 23:27:31]	+---------+-----------+--------+-------------+
|         | Precision | Recall | Specificity |
+---------+-----------+--------+-------------+
| class-0 |    0.95   | 0.966  |    0.975    |
| class-1 |   0.984   |  1.0   |    0.992    |
| class-2 |   0.983   |  0.95  |    0.992    |
+---------+-----------+--------+-------------+
[2023-07-04 23:27:31]	valid-macro-F1-Score:0.9719
[2023-07-04 23:27:31]	Epoch: 028, Training: Loss: 0.5066, Accuracy: 95.1724 %, 
		Validation: Loss: 0.5843, Accuracy:97.2067 %, Time: 12.0694s
[2023-07-04 23:27:31]	Best Accuracy for validation : 0.9721 at epoch 025
[2023-07-04 23:27:31]	Best F1-score for validation : 0.9721 at epoch 017
[2023-07-04 23:27:31]	learning rate = 0.0003806023374435661
[2023-07-04 23:27:31]	


************************Epoch: 29/60***********************
[2023-07-04 23:27:43]	[[58.  0.  4.]
 [ 0. 60.  0.]
 [ 1.  0. 56.]]
[2023-07-04 23:27:43]	the model accuracy is 0.9720670391061452
[2023-07-04 23:27:43]	+---------+-----------+--------+-------------+
|         | Precision | Recall | Specificity |
+---------+-----------+--------+-------------+
| class-0 |   0.935   | 0.983  |    0.967    |
| class-1 |    1.0    |  1.0   |     1.0     |
| class-2 |   0.982   | 0.933  |    0.992    |
+---------+-----------+--------+-------------+
[2023-07-04 23:27:43]	valid-macro-F1-Score:0.9720
[2023-07-04 23:27:43]	Epoch: 029, Training: Loss: 0.5106, Accuracy: 94.8966 %, 
		Validation: Loss: 0.5841, Accuracy:97.2067 %, Time: 12.0131s
[2023-07-04 23:27:43]	Best Accuracy for validation : 0.9721 at epoch 029
[2023-07-04 23:27:43]	Best F1-score for validation : 0.9721 at epoch 017
[2023-07-04 23:27:43]	learning rate = 0.00021529832133895577
[2023-07-04 23:27:43]	


************************Epoch: 30/60***********************
[2023-07-04 23:27:55]	[[57.  0.  4.]
 [ 1. 60.  0.]
 [ 1.  0. 56.]]
[2023-07-04 23:27:55]	the model accuracy is 0.9664804469273743
[2023-07-04 23:27:55]	+---------+-----------+--------+-------------+
|         | Precision | Recall | Specificity |
+---------+-----------+--------+-------------+
| class-0 |   0.934   | 0.966  |    0.967    |
| class-1 |   0.984   |  1.0   |    0.992    |
| class-2 |   0.982   | 0.933  |    0.992    |
+---------+-----------+--------+-------------+
[2023-07-04 23:27:55]	valid-macro-F1-Score:0.9663
[2023-07-04 23:27:55]	Epoch: 030, Training: Loss: 0.4829, Accuracy: 95.5172 %, 
		Validation: Loss: 0.5866, Accuracy:96.6480 %, Time: 11.9325s
[2023-07-04 23:27:55]	Best Accuracy for validation : 0.9721 at epoch 029
[2023-07-04 23:27:55]	Best F1-score for validation : 0.9721 at epoch 017
[2023-07-04 23:27:55]	learning rate = 9.60735979838478e-05
[2023-07-04 23:27:55]	


************************Epoch: 31/60***********************
[2023-07-04 23:28:07]	[[57.  0.  4.]
 [ 1. 60.  0.]
 [ 1.  0. 56.]]
[2023-07-04 23:28:07]	the model accuracy is 0.9664804469273743
[2023-07-04 23:28:07]	+---------+-----------+--------+-------------+
|         | Precision | Recall | Specificity |
+---------+-----------+--------+-------------+
| class-0 |   0.934   | 0.966  |    0.967    |
| class-1 |   0.984   |  1.0   |    0.992    |
| class-2 |   0.982   | 0.933  |    0.992    |
+---------+-----------+--------+-------------+
[2023-07-04 23:28:07]	valid-macro-F1-Score:0.9663
[2023-07-04 23:28:07]	Epoch: 031, Training: Loss: 0.4959, Accuracy: 96.0000 %, 
		Validation: Loss: 0.5851, Accuracy:96.6480 %, Time: 12.0015s
[2023-07-04 23:28:07]	Best Accuracy for validation : 0.9721 at epoch 029
[2023-07-04 23:28:07]	Best F1-score for validation : 0.9721 at epoch 017
[2023-07-04 23:28:07]	learning rate = 2.4076366639015898e-05
[2023-07-04 23:28:07]	


************************Epoch: 32/60***********************
[2023-07-04 23:28:19]	[[57.  0.  4.]
 [ 1. 60.  0.]
 [ 1.  0. 56.]]
[2023-07-04 23:28:19]	the model accuracy is 0.9664804469273743
[2023-07-04 23:28:19]	+---------+-----------+--------+-------------+
|         | Precision | Recall | Specificity |
+---------+-----------+--------+-------------+
| class-0 |   0.934   | 0.966  |    0.967    |
| class-1 |   0.984   |  1.0   |    0.992    |
| class-2 |   0.982   | 0.933  |    0.992    |
+---------+-----------+--------+-------------+
[2023-07-04 23:28:19]	valid-macro-F1-Score:0.9663
[2023-07-04 23:28:19]	Epoch: 032, Training: Loss: 0.4838, Accuracy: 95.3793 %, 
		Validation: Loss: 0.5855, Accuracy:96.6480 %, Time: 12.0922s
[2023-07-04 23:28:19]	Best Accuracy for validation : 0.9721 at epoch 029
[2023-07-04 23:28:19]	Best F1-score for validation : 0.9721 at epoch 017
[2023-07-04 23:28:19]	learning rate = 0.0
[2023-07-04 23:28:19]	


************************Epoch: 33/60***********************
[2023-07-04 23:28:32]	[[57.  0.  5.]
 [ 1. 60.  0.]
 [ 1.  0. 55.]]
[2023-07-04 23:28:32]	the model accuracy is 0.9608938547486033
[2023-07-04 23:28:32]	+---------+-----------+--------+-------------+
|         | Precision | Recall | Specificity |
+---------+-----------+--------+-------------+
| class-0 |   0.919   | 0.966  |    0.958    |
| class-1 |   0.984   |  1.0   |    0.992    |
| class-2 |   0.982   | 0.917  |    0.992    |
+---------+-----------+--------+-------------+
[2023-07-04 23:28:32]	valid-macro-F1-Score:0.9607
[2023-07-04 23:28:32]	Epoch: 033, Training: Loss: 0.4806, Accuracy: 95.8621 %, 
		Validation: Loss: 0.5881, Accuracy:96.0894 %, Time: 12.1952s
[2023-07-04 23:28:32]	Best Accuracy for validation : 0.9721 at epoch 029
[2023-07-04 23:28:32]	Best F1-score for validation : 0.9721 at epoch 017
[2023-07-04 23:28:32]	learning rate = 2.4076366639015356e-05
[2023-07-04 23:28:32]	


************************Epoch: 34/60***********************
[2023-07-04 23:28:44]	[[57.  0.  3.]
 [ 1. 60.  0.]
 [ 1.  0. 57.]]
[2023-07-04 23:28:44]	the model accuracy is 0.9720670391061452
[2023-07-04 23:28:44]	+---------+-----------+--------+-------------+
|         | Precision | Recall | Specificity |
+---------+-----------+--------+-------------+
| class-0 |    0.95   | 0.966  |    0.975    |
| class-1 |   0.984   |  1.0   |    0.992    |
| class-2 |   0.983   |  0.95  |    0.992    |
+---------+-----------+--------+-------------+
[2023-07-04 23:28:44]	valid-macro-F1-Score:0.9719
[2023-07-04 23:28:44]	Epoch: 034, Training: Loss: 0.5114, Accuracy: 95.2414 %, 
		Validation: Loss: 0.5849, Accuracy:97.2067 %, Time: 12.0065s
[2023-07-04 23:28:44]	Best Accuracy for validation : 0.9721 at epoch 029
[2023-07-04 23:28:44]	Best F1-score for validation : 0.9721 at epoch 017
[2023-07-04 23:28:44]	learning rate = 9.607359798384785e-05
[2023-07-04 23:28:44]	


************************Epoch: 35/60***********************
[2023-07-04 23:28:55]	[[57.  0.  3.]
 [ 1. 60.  0.]
 [ 1.  0. 57.]]
[2023-07-04 23:28:55]	the model accuracy is 0.9720670391061452
[2023-07-04 23:28:55]	+---------+-----------+--------+-------------+
|         | Precision | Recall | Specificity |
+---------+-----------+--------+-------------+
| class-0 |    0.95   | 0.966  |    0.975    |
| class-1 |   0.984   |  1.0   |    0.992    |
| class-2 |   0.983   |  0.95  |    0.992    |
+---------+-----------+--------+-------------+
[2023-07-04 23:28:55]	valid-macro-F1-Score:0.9719
[2023-07-04 23:28:55]	Epoch: 035, Training: Loss: 0.4869, Accuracy: 96.3448 %, 
		Validation: Loss: 0.5830, Accuracy:97.2067 %, Time: 11.6348s
[2023-07-04 23:28:55]	Best Accuracy for validation : 0.9721 at epoch 029
[2023-07-04 23:28:55]	Best F1-score for validation : 0.9721 at epoch 017
[2023-07-04 23:28:55]	learning rate = 0.00021529832133895533
[2023-07-04 23:28:55]	


************************Epoch: 36/60***********************
[2023-07-04 23:29:07]	[[57.  0.  4.]
 [ 1. 60.  0.]
 [ 1.  0. 56.]]
[2023-07-04 23:29:07]	the model accuracy is 0.9664804469273743
[2023-07-04 23:29:07]	+---------+-----------+--------+-------------+
|         | Precision | Recall | Specificity |
+---------+-----------+--------+-------------+
| class-0 |   0.934   | 0.966  |    0.967    |
| class-1 |   0.984   |  1.0   |    0.992    |
| class-2 |   0.982   | 0.933  |    0.992    |
+---------+-----------+--------+-------------+
[2023-07-04 23:29:07]	valid-macro-F1-Score:0.9663
[2023-07-04 23:29:07]	Epoch: 036, Training: Loss: 0.5066, Accuracy: 95.9310 %, 
		Validation: Loss: 0.5872, Accuracy:96.6480 %, Time: 11.9318s
[2023-07-04 23:29:07]	Best Accuracy for validation : 0.9721 at epoch 029
[2023-07-04 23:29:07]	Best F1-score for validation : 0.9721 at epoch 017
[2023-07-04 23:29:07]	learning rate = 0.0003806023374435658
[2023-07-04 23:29:07]	


************************Epoch: 37/60***********************
[2023-07-04 23:29:19]	[[57.  0.  4.]
 [ 1. 60.  0.]
 [ 1.  0. 56.]]
[2023-07-04 23:29:19]	the model accuracy is 0.9664804469273743
[2023-07-04 23:29:19]	+---------+-----------+--------+-------------+
|         | Precision | Recall | Specificity |
+---------+-----------+--------+-------------+
| class-0 |   0.934   | 0.966  |    0.967    |
| class-1 |   0.984   |  1.0   |    0.992    |
| class-2 |   0.982   | 0.933  |    0.992    |
+---------+-----------+--------+-------------+
[2023-07-04 23:29:19]	valid-macro-F1-Score:0.9663
[2023-07-04 23:29:19]	Epoch: 037, Training: Loss: 0.5268, Accuracy: 95.3793 %, 
		Validation: Loss: 0.5852, Accuracy:96.6480 %, Time: 11.8901s
[2023-07-04 23:29:19]	Best Accuracy for validation : 0.9721 at epoch 029
[2023-07-04 23:29:19]	Best F1-score for validation : 0.9721 at epoch 017
[2023-07-04 23:29:19]	learning rate = 0.0005903936782582248
[2023-07-04 23:29:19]	


************************Epoch: 38/60***********************
[2023-07-04 23:29:31]	[[57.  0.  5.]
 [ 1. 60.  0.]
 [ 1.  0. 55.]]
[2023-07-04 23:29:31]	the model accuracy is 0.9608938547486033
[2023-07-04 23:29:31]	+---------+-----------+--------+-------------+
|         | Precision | Recall | Specificity |
+---------+-----------+--------+-------------+
| class-0 |   0.919   | 0.966  |    0.958    |
| class-1 |   0.984   |  1.0   |    0.992    |
| class-2 |   0.982   | 0.917  |    0.992    |
+---------+-----------+--------+-------------+
[2023-07-04 23:29:31]	valid-macro-F1-Score:0.9607
[2023-07-04 23:29:31]	Epoch: 038, Training: Loss: 0.5089, Accuracy: 96.3448 %, 
		Validation: Loss: 0.5868, Accuracy:96.0894 %, Time: 11.9616s
[2023-07-04 23:29:31]	Best Accuracy for validation : 0.9721 at epoch 029
[2023-07-04 23:29:31]	Best F1-score for validation : 0.9721 at epoch 017
[2023-07-04 23:29:31]	learning rate = 0.0008426519384872728
[2023-07-04 23:29:31]	


************************Epoch: 39/60***********************
[2023-07-04 23:29:43]	[[58.  0.  3.]
 [ 0. 60.  0.]
 [ 1.  0. 57.]]
[2023-07-04 23:29:43]	the model accuracy is 0.9776536312849162
[2023-07-04 23:29:43]	+---------+-----------+--------+-------------+
|         | Precision | Recall | Specificity |
+---------+-----------+--------+-------------+
| class-0 |   0.951   | 0.983  |    0.975    |
| class-1 |    1.0    |  1.0   |     1.0     |
| class-2 |   0.983   |  0.95  |    0.992    |
+---------+-----------+--------+-------------+
[2023-07-04 23:29:43]	valid-macro-F1-Score:0.9776
[2023-07-04 23:29:43]	Epoch: 039, Training: Loss: 0.5070, Accuracy: 96.3448 %, 
		Validation: Loss: 0.5761, Accuracy:97.7654 %, Time: 11.9845s
[2023-07-04 23:29:43]	Best Accuracy for validation : 0.9777 at epoch 039
[2023-07-04 23:29:43]	Best F1-score for validation : 0.9776 at epoch 039
[2023-07-04 23:29:43]	learning rate = 0.0011349477331863147
[2023-07-04 23:29:43]	


************************Epoch: 40/60***********************
[2023-07-04 23:29:55]	[[57.  0.  3.]
 [ 1. 60.  0.]
 [ 1.  0. 57.]]
[2023-07-04 23:29:55]	the model accuracy is 0.9720670391061452
[2023-07-04 23:29:55]	+---------+-----------+--------+-------------+
|         | Precision | Recall | Specificity |
+---------+-----------+--------+-------------+
| class-0 |    0.95   | 0.966  |    0.975    |
| class-1 |   0.984   |  1.0   |    0.992    |
| class-2 |   0.983   |  0.95  |    0.992    |
+---------+-----------+--------+-------------+
[2023-07-04 23:29:55]	valid-macro-F1-Score:0.9719
[2023-07-04 23:29:55]	Epoch: 040, Training: Loss: 0.5250, Accuracy: 96.1379 %, 
		Validation: Loss: 0.5814, Accuracy:97.2067 %, Time: 12.0956s
[2023-07-04 23:29:55]	Best Accuracy for validation : 0.9777 at epoch 039
[2023-07-04 23:29:55]	Best F1-score for validation : 0.9776 at epoch 039
[2023-07-04 23:29:55]	learning rate = 0.001464466094067262
[2023-07-04 23:29:55]	


************************Epoch: 41/60***********************
[2023-07-04 23:30:07]	[[57.  0.  3.]
 [ 1. 60.  0.]
 [ 1.  0. 57.]]
[2023-07-04 23:30:07]	the model accuracy is 0.9720670391061452
[2023-07-04 23:30:07]	+---------+-----------+--------+-------------+
|         | Precision | Recall | Specificity |
+---------+-----------+--------+-------------+
| class-0 |    0.95   | 0.966  |    0.975    |
| class-1 |   0.984   |  1.0   |    0.992    |
| class-2 |   0.983   |  0.95  |    0.992    |
+---------+-----------+--------+-------------+
[2023-07-04 23:30:07]	valid-macro-F1-Score:0.9719
[2023-07-04 23:30:07]	Epoch: 041, Training: Loss: 0.5255, Accuracy: 96.2759 %, 
		Validation: Loss: 0.5821, Accuracy:97.2067 %, Time: 11.8172s
[2023-07-04 23:30:07]	Best Accuracy for validation : 0.9777 at epoch 039
[2023-07-04 23:30:07]	Best F1-score for validation : 0.9776 at epoch 039
[2023-07-04 23:30:07]	learning rate = 0.0018280335791817709
[2023-07-04 23:30:07]	


************************Epoch: 42/60***********************
[2023-07-04 23:30:19]	[[58.  0.  5.]
 [ 0. 60.  0.]
 [ 1.  0. 55.]]
[2023-07-04 23:30:19]	the model accuracy is 0.9664804469273743
[2023-07-04 23:30:19]	+---------+-----------+--------+-------------+
|         | Precision | Recall | Specificity |
+---------+-----------+--------+-------------+
| class-0 |   0.921   | 0.983  |    0.958    |
| class-1 |    1.0    |  1.0   |     1.0     |
| class-2 |   0.982   | 0.917  |    0.992    |
+---------+-----------+--------+-------------+
[2023-07-04 23:30:19]	valid-macro-F1-Score:0.9664
[2023-07-04 23:30:19]	Epoch: 042, Training: Loss: 0.5351, Accuracy: 95.5862 %, 
		Validation: Loss: 0.5817, Accuracy:96.6480 %, Time: 12.0267s
[2023-07-04 23:30:19]	Best Accuracy for validation : 0.9777 at epoch 039
[2023-07-04 23:30:19]	Best F1-score for validation : 0.9776 at epoch 039
[2023-07-04 23:30:19]	learning rate = 0.0022221488349019897
[2023-07-04 23:30:19]	


************************Epoch: 43/60***********************
[2023-07-04 23:30:31]	[[58.  1.  5.]
 [ 0. 59.  0.]
 [ 1.  0. 55.]]
[2023-07-04 23:30:31]	the model accuracy is 0.9608938547486033
[2023-07-04 23:30:31]	+---------+-----------+--------+-------------+
|         | Precision | Recall | Specificity |
+---------+-----------+--------+-------------+
| class-0 |   0.906   | 0.983  |     0.95    |
| class-1 |    1.0    | 0.983  |     1.0     |
| class-2 |   0.982   | 0.917  |    0.992    |
+---------+-----------+--------+-------------+
[2023-07-04 23:30:31]	valid-macro-F1-Score:0.9610
[2023-07-04 23:30:31]	Epoch: 043, Training: Loss: 0.5501, Accuracy: 95.2414 %, 
		Validation: Loss: 0.5887, Accuracy:96.0894 %, Time: 12.0727s
[2023-07-04 23:30:31]	Best Accuracy for validation : 0.9777 at epoch 039
[2023-07-04 23:30:31]	Best F1-score for validation : 0.9776 at epoch 039
[2023-07-04 23:30:31]	learning rate = 0.0026430163158700113
[2023-07-04 23:30:31]	


************************Epoch: 44/60***********************
[2023-07-04 23:30:43]	[[57.  0.  4.]
 [ 1. 60.  1.]
 [ 1.  0. 55.]]
[2023-07-04 23:30:43]	the model accuracy is 0.9608938547486033
[2023-07-04 23:30:43]	+---------+-----------+--------+-------------+
|         | Precision | Recall | Specificity |
+---------+-----------+--------+-------------+
| class-0 |   0.934   | 0.966  |    0.967    |
| class-1 |   0.968   |  1.0   |    0.983    |
| class-2 |   0.982   | 0.917  |    0.992    |
+---------+-----------+--------+-------------+
[2023-07-04 23:30:43]	valid-macro-F1-Score:0.9606
[2023-07-04 23:30:43]	Epoch: 044, Training: Loss: 0.5348, Accuracy: 95.5172 %, 
		Validation: Loss: 0.5936, Accuracy:96.0894 %, Time: 12.0515s
[2023-07-04 23:30:43]	Best Accuracy for validation : 0.9777 at epoch 039
[2023-07-04 23:30:43]	Best F1-score for validation : 0.9776 at epoch 039
[2023-07-04 23:30:43]	learning rate = 0.0030865828381745498
[2023-07-04 23:30:43]	


************************Epoch: 45/60***********************
[2023-07-04 23:30:55]	[[57.  1.  6.]
 [ 0. 59.  0.]
 [ 2.  0. 54.]]
[2023-07-04 23:30:55]	the model accuracy is 0.9497206703910615
[2023-07-04 23:30:55]	+---------+-----------+--------+-------------+
|         | Precision | Recall | Specificity |
+---------+-----------+--------+-------------+
| class-0 |   0.891   | 0.966  |    0.942    |
| class-1 |    1.0    | 0.983  |     1.0     |
| class-2 |   0.964   |  0.9   |    0.983    |
+---------+-----------+--------+-------------+
[2023-07-04 23:30:55]	valid-macro-F1-Score:0.9498
[2023-07-04 23:30:55]	Epoch: 045, Training: Loss: 0.5354, Accuracy: 96.4828 %, 
		Validation: Loss: 0.5939, Accuracy:94.9721 %, Time: 11.9618s
[2023-07-04 23:30:55]	Best Accuracy for validation : 0.9777 at epoch 039
[2023-07-04 23:30:55]	Best F1-score for validation : 0.9776 at epoch 039
[2023-07-04 23:30:55]	learning rate = 0.003548576613727689
[2023-07-04 23:30:55]	


************************Epoch: 46/60***********************
[2023-07-04 23:31:07]	[[56.  1.  1.]
 [ 1. 59.  0.]
 [ 2.  0. 59.]]
[2023-07-04 23:31:07]	the model accuracy is 0.9720670391061452
[2023-07-04 23:31:07]	+---------+-----------+--------+-------------+
|         | Precision | Recall | Specificity |
+---------+-----------+--------+-------------+
| class-0 |   0.966   | 0.949  |    0.983    |
| class-1 |   0.983   | 0.983  |    0.992    |
| class-2 |   0.967   | 0.983  |    0.983    |
+---------+-----------+--------+-------------+
[2023-07-04 23:31:07]	valid-macro-F1-Score:0.9719
[2023-07-04 23:31:07]	Epoch: 046, Training: Loss: 0.5464, Accuracy: 96.1379 %, 
		Validation: Loss: 0.5818, Accuracy:97.2067 %, Time: 12.0382s
[2023-07-04 23:31:07]	Best Accuracy for validation : 0.9777 at epoch 039
[2023-07-04 23:31:07]	Best F1-score for validation : 0.9776 at epoch 039
[2023-07-04 23:31:07]	learning rate = 0.004024548389919358
[2023-07-04 23:31:07]	


************************Epoch: 47/60***********************
[2023-07-04 23:31:19]	[[57.  0.  2.]
 [ 0. 60.  0.]
 [ 2.  0. 58.]]
[2023-07-04 23:31:19]	the model accuracy is 0.9776536312849162
[2023-07-04 23:31:19]	+---------+-----------+--------+-------------+
|         | Precision | Recall | Specificity |
+---------+-----------+--------+-------------+
| class-0 |   0.966   | 0.966  |    0.983    |
| class-1 |    1.0    |  1.0   |     1.0     |
| class-2 |   0.967   | 0.967  |    0.983    |
+---------+-----------+--------+-------------+
[2023-07-04 23:31:19]	valid-macro-F1-Score:0.9776
[2023-07-04 23:31:19]	Epoch: 047, Training: Loss: 0.5536, Accuracy: 96.6897 %, 
		Validation: Loss: 0.5727, Accuracy:97.7654 %, Time: 11.9955s
[2023-07-04 23:31:19]	Best Accuracy for validation : 0.9777 at epoch 039
[2023-07-04 23:31:19]	Best F1-score for validation : 0.9776 at epoch 039
[2023-07-04 23:31:19]	learning rate = 0.0045099142983522
[2023-07-04 23:31:19]	


************************Epoch: 48/60***********************
[2023-07-04 23:31:31]	[[57.  0.  3.]
 [ 1. 60.  0.]
 [ 1.  0. 57.]]
[2023-07-04 23:31:31]	the model accuracy is 0.9720670391061452
[2023-07-04 23:31:31]	+---------+-----------+--------+-------------+
|         | Precision | Recall | Specificity |
+---------+-----------+--------+-------------+
| class-0 |    0.95   | 0.966  |    0.975    |
| class-1 |   0.984   |  1.0   |    0.992    |
| class-2 |   0.983   |  0.95  |    0.992    |
+---------+-----------+--------+-------------+
[2023-07-04 23:31:31]	valid-macro-F1-Score:0.9719
[2023-07-04 23:31:31]	Epoch: 048, Training: Loss: 0.5792, Accuracy: 95.3103 %, 
		Validation: Loss: 0.5797, Accuracy:97.2067 %, Time: 12.0437s
[2023-07-04 23:31:31]	Best Accuracy for validation : 0.9777 at epoch 039
[2023-07-04 23:31:31]	Best F1-score for validation : 0.9776 at epoch 039
[2023-07-04 23:31:31]	learning rate = 0.005000000000000002
[2023-07-04 23:31:31]	


************************Epoch: 49/60***********************
[2023-07-04 23:31:43]	[[57.  0.  2.]
 [ 0. 60.  1.]
 [ 2.  0. 57.]]
[2023-07-04 23:31:43]	the model accuracy is 0.9720670391061452
[2023-07-04 23:31:43]	+---------+-----------+--------+-------------+
|         | Precision | Recall | Specificity |
+---------+-----------+--------+-------------+
| class-0 |   0.966   | 0.966  |    0.983    |
| class-1 |   0.984   |  1.0   |    0.992    |
| class-2 |   0.966   |  0.95  |    0.983    |
+---------+-----------+--------+-------------+
[2023-07-04 23:31:43]	valid-macro-F1-Score:0.9719
[2023-07-04 23:31:43]	Epoch: 049, Training: Loss: 0.5677, Accuracy: 95.3793 %, 
		Validation: Loss: 0.5751, Accuracy:97.2067 %, Time: 12.0520s
[2023-07-04 23:31:43]	Best Accuracy for validation : 0.9777 at epoch 039
[2023-07-04 23:31:43]	Best F1-score for validation : 0.9776 at epoch 039
[2023-07-04 23:31:43]	learning rate = 0.005490085701647803
[2023-07-04 23:31:43]	


************************Epoch: 50/60***********************
[2023-07-04 23:31:55]	[[57.  0.  5.]
 [ 1. 60.  1.]
 [ 1.  0. 54.]]
[2023-07-04 23:31:55]	the model accuracy is 0.9553072625698324
[2023-07-04 23:31:55]	+---------+-----------+--------+-------------+
|         | Precision | Recall | Specificity |
+---------+-----------+--------+-------------+
| class-0 |   0.919   | 0.966  |    0.958    |
| class-1 |   0.968   |  1.0   |    0.983    |
| class-2 |   0.982   |  0.9   |    0.992    |
+---------+-----------+--------+-------------+
[2023-07-04 23:31:55]	valid-macro-F1-Score:0.9550
[2023-07-04 23:31:55]	Epoch: 050, Training: Loss: 0.5544, Accuracy: 96.7586 %, 
		Validation: Loss: 0.5925, Accuracy:95.5307 %, Time: 11.8716s
[2023-07-04 23:31:55]	Best Accuracy for validation : 0.9777 at epoch 039
[2023-07-04 23:31:55]	Best F1-score for validation : 0.9776 at epoch 039
[2023-07-04 23:31:55]	learning rate = 0.0059754516100806445
[2023-07-04 23:31:55]	


************************Epoch: 51/60***********************
[2023-07-04 23:32:07]	[[57.  0.  2.]
 [ 1. 60.  0.]
 [ 1.  0. 58.]]
[2023-07-04 23:32:07]	the model accuracy is 0.9776536312849162
[2023-07-04 23:32:07]	+---------+-----------+--------+-------------+
|         | Precision | Recall | Specificity |
+---------+-----------+--------+-------------+
| class-0 |   0.966   | 0.966  |    0.983    |
| class-1 |   0.984   |  1.0   |    0.992    |
| class-2 |   0.983   | 0.967  |    0.992    |
+---------+-----------+--------+-------------+
[2023-07-04 23:32:07]	valid-macro-F1-Score:0.9775
[2023-07-04 23:32:07]	Epoch: 051, Training: Loss: 0.5604, Accuracy: 95.8621 %, 
		Validation: Loss: 0.5747, Accuracy:97.7654 %, Time: 11.8710s
[2023-07-04 23:32:07]	Best Accuracy for validation : 0.9777 at epoch 039
[2023-07-04 23:32:07]	Best F1-score for validation : 0.9776 at epoch 039
[2023-07-04 23:32:07]	learning rate = 0.006451423386272313
[2023-07-04 23:32:07]	


************************Epoch: 52/60***********************
[2023-07-04 23:32:19]	[[56.  0.  1.]
 [ 1. 60.  1.]
 [ 2.  0. 58.]]
[2023-07-04 23:32:19]	the model accuracy is 0.9720670391061452
[2023-07-04 23:32:19]	+---------+-----------+--------+-------------+
|         | Precision | Recall | Specificity |
+---------+-----------+--------+-------------+
| class-0 |   0.982   | 0.949  |    0.992    |
| class-1 |   0.968   |  1.0   |    0.983    |
| class-2 |   0.967   | 0.967  |    0.983    |
+---------+-----------+--------+-------------+
[2023-07-04 23:32:19]	valid-macro-F1-Score:0.9719
[2023-07-04 23:32:19]	Epoch: 052, Training: Loss: 0.5646, Accuracy: 95.9310 %, 
		Validation: Loss: 0.5822, Accuracy:97.2067 %, Time: 11.8792s
[2023-07-04 23:32:19]	Best Accuracy for validation : 0.9777 at epoch 039
[2023-07-04 23:32:19]	Best F1-score for validation : 0.9776 at epoch 039
[2023-07-04 23:32:19]	learning rate = 0.006913417161825453
[2023-07-04 23:32:19]	


************************Epoch: 53/60***********************
[2023-07-04 23:32:31]	[[58.  0.  3.]
 [ 0. 60.  0.]
 [ 1.  0. 57.]]
[2023-07-04 23:32:31]	the model accuracy is 0.9776536312849162
[2023-07-04 23:32:31]	+---------+-----------+--------+-------------+
|         | Precision | Recall | Specificity |
+---------+-----------+--------+-------------+
| class-0 |   0.951   | 0.983  |    0.975    |
| class-1 |    1.0    |  1.0   |     1.0     |
| class-2 |   0.983   |  0.95  |    0.992    |
+---------+-----------+--------+-------------+
[2023-07-04 23:32:31]	valid-macro-F1-Score:0.9776
[2023-07-04 23:32:31]	Epoch: 053, Training: Loss: 0.5721, Accuracy: 96.0690 %, 
		Validation: Loss: 0.5753, Accuracy:97.7654 %, Time: 11.9643s
[2023-07-04 23:32:31]	Best Accuracy for validation : 0.9777 at epoch 039
[2023-07-04 23:32:31]	Best F1-score for validation : 0.9776 at epoch 039
[2023-07-04 23:32:31]	learning rate = 0.007356983684129991
[2023-07-04 23:32:31]	


************************Epoch: 54/60***********************
[2023-07-04 23:32:43]	[[58.  2.  4.]
 [ 0. 58.  0.]
 [ 1.  0. 56.]]
[2023-07-04 23:32:43]	the model accuracy is 0.9608938547486033
[2023-07-04 23:32:43]	+---------+-----------+--------+-------------+
|         | Precision | Recall | Specificity |
+---------+-----------+--------+-------------+
| class-0 |   0.906   | 0.983  |     0.95    |
| class-1 |    1.0    | 0.967  |     1.0     |
| class-2 |   0.982   | 0.933  |    0.992    |
+---------+-----------+--------+-------------+
[2023-07-04 23:32:43]	valid-macro-F1-Score:0.9611
[2023-07-04 23:32:43]	Epoch: 054, Training: Loss: 0.5843, Accuracy: 95.1034 %, 
		Validation: Loss: 0.5921, Accuracy:96.0894 %, Time: 11.6888s
[2023-07-04 23:32:43]	Best Accuracy for validation : 0.9777 at epoch 039
[2023-07-04 23:32:43]	Best F1-score for validation : 0.9776 at epoch 039
[2023-07-04 23:32:43]	learning rate = 0.007777851165098011
[2023-07-04 23:32:43]	


************************Epoch: 55/60***********************
[2023-07-04 23:32:55]	[[56.  0.  3.]
 [ 0. 60.  0.]
 [ 3.  0. 57.]]
[2023-07-04 23:32:55]	the model accuracy is 0.9664804469273743
[2023-07-04 23:32:55]	+---------+-----------+--------+-------------+
|         | Precision | Recall | Specificity |
+---------+-----------+--------+-------------+
| class-0 |   0.949   | 0.949  |    0.975    |
| class-1 |    1.0    |  1.0   |     1.0     |
| class-2 |    0.95   |  0.95  |    0.975    |
+---------+-----------+--------+-------------+
[2023-07-04 23:32:55]	valid-macro-F1-Score:0.9664
[2023-07-04 23:32:55]	Epoch: 055, Training: Loss: 0.5771, Accuracy: 96.2759 %, 
		Validation: Loss: 0.5800, Accuracy:96.6480 %, Time: 12.0141s
[2023-07-04 23:32:55]	Best Accuracy for validation : 0.9777 at epoch 039
[2023-07-04 23:32:55]	Best F1-score for validation : 0.9776 at epoch 039
[2023-07-04 23:32:55]	learning rate = 0.008171966420818232
[2023-07-04 23:32:55]	


************************Epoch: 56/60***********************
[2023-07-04 23:33:07]	[[57.  0.  6.]
 [ 1. 60.  0.]
 [ 1.  0. 54.]]
[2023-07-04 23:33:07]	the model accuracy is 0.9553072625698324
[2023-07-04 23:33:07]	+---------+-----------+--------+-------------+
|         | Precision | Recall | Specificity |
+---------+-----------+--------+-------------+
| class-0 |   0.905   | 0.966  |     0.95    |
| class-1 |   0.984   |  1.0   |    0.992    |
| class-2 |   0.982   |  0.9   |    0.992    |
+---------+-----------+--------+-------------+
[2023-07-04 23:33:07]	valid-macro-F1-Score:0.9551
[2023-07-04 23:33:07]	Epoch: 056, Training: Loss: 0.5812, Accuracy: 95.8621 %, 
		Validation: Loss: 0.5973, Accuracy:95.5307 %, Time: 11.9940s
[2023-07-04 23:33:07]	Best Accuracy for validation : 0.9777 at epoch 039
[2023-07-04 23:33:07]	Best F1-score for validation : 0.9776 at epoch 039
[2023-07-04 23:33:07]	learning rate = 0.00853553390593274
[2023-07-04 23:33:07]	


************************Epoch: 57/60***********************
[2023-07-04 23:33:19]	[[58.  0.  6.]
 [ 0. 60.  0.]
 [ 1.  0. 54.]]
[2023-07-04 23:33:19]	the model accuracy is 0.9608938547486033
[2023-07-04 23:33:19]	+---------+-----------+--------+-------------+
|         | Precision | Recall | Specificity |
+---------+-----------+--------+-------------+
| class-0 |   0.906   | 0.983  |     0.95    |
| class-1 |    1.0    |  1.0   |     1.0     |
| class-2 |   0.982   |  0.9   |    0.992    |
+---------+-----------+--------+-------------+
[2023-07-04 23:33:19]	valid-macro-F1-Score:0.9607
[2023-07-04 23:33:19]	Epoch: 057, Training: Loss: 0.5739, Accuracy: 96.4828 %, 
		Validation: Loss: 0.5917, Accuracy:96.0894 %, Time: 11.7955s
[2023-07-04 23:33:19]	Best Accuracy for validation : 0.9777 at epoch 039
[2023-07-04 23:33:19]	Best F1-score for validation : 0.9776 at epoch 039
[2023-07-04 23:33:19]	learning rate = 0.008865052266813686
[2023-07-04 23:33:19]	


************************Epoch: 58/60***********************
[2023-07-04 23:33:31]	[[59.  0.  5.]
 [ 0. 60.  0.]
 [ 0.  0. 55.]]
[2023-07-04 23:33:31]	the model accuracy is 0.9720670391061452
[2023-07-04 23:33:31]	+---------+-----------+--------+-------------+
|         | Precision | Recall | Specificity |
+---------+-----------+--------+-------------+
| class-0 |   0.922   |  1.0   |    0.958    |
| class-1 |    1.0    |  1.0   |     1.0     |
| class-2 |    1.0    | 0.917  |     1.0     |
+---------+-----------+--------+-------------+
[2023-07-04 23:33:31]	valid-macro-F1-Score:0.9720
[2023-07-04 23:33:31]	Epoch: 058, Training: Loss: 0.5743, Accuracy: 96.8276 %, 
		Validation: Loss: 0.5818, Accuracy:97.2067 %, Time: 12.0208s
[2023-07-04 23:33:31]	Best Accuracy for validation : 0.9777 at epoch 039
[2023-07-04 23:33:31]	Best F1-score for validation : 0.9776 at epoch 039
[2023-07-04 23:33:31]	learning rate = 0.00915734806151273
[2023-07-04 23:33:31]	


************************Epoch: 59/60***********************
[2023-07-04 23:33:43]	[[58.  0.  8.]
 [ 0. 60.  0.]
 [ 1.  0. 52.]]
[2023-07-04 23:33:43]	the model accuracy is 0.9497206703910615
[2023-07-04 23:33:43]	+---------+-----------+--------+-------------+
|         | Precision | Recall | Specificity |
+---------+-----------+--------+-------------+
| class-0 |   0.879   | 0.983  |    0.933    |
| class-1 |    1.0    |  1.0   |     1.0     |
| class-2 |   0.981   | 0.867  |    0.992    |
+---------+-----------+--------+-------------+
[2023-07-04 23:33:43]	valid-macro-F1-Score:0.9495
[2023-07-04 23:33:43]	Epoch: 059, Training: Loss: 0.5683, Accuracy: 97.6552 %, 
		Validation: Loss: 0.5963, Accuracy:94.9721 %, Time: 12.0439s
[2023-07-04 23:33:43]	Best Accuracy for validation : 0.9777 at epoch 039
[2023-07-04 23:33:43]	Best F1-score for validation : 0.9776 at epoch 039
[2023-07-04 23:33:43]	learning rate = 0.009409606321741778
[2023-07-04 23:33:43]	


************************Epoch: 60/60***********************
[2023-07-04 23:33:54]	[[58.  0.  7.]
 [ 0. 60.  0.]
 [ 1.  0. 53.]]
[2023-07-04 23:33:54]	the model accuracy is 0.9553072625698324
[2023-07-04 23:33:54]	+---------+-----------+--------+-------------+
|         | Precision | Recall | Specificity |
+---------+-----------+--------+-------------+
| class-0 |   0.892   | 0.983  |    0.942    |
| class-1 |    1.0    |  1.0   |     1.0     |
| class-2 |   0.981   | 0.883  |    0.992    |
+---------+-----------+--------+-------------+
[2023-07-04 23:33:54]	valid-macro-F1-Score:0.9551
[2023-07-04 23:33:54]	Epoch: 060, Training: Loss: 0.5813, Accuracy: 96.7586 %, 
		Validation: Loss: 0.5910, Accuracy:95.5307 %, Time: 11.8551s
[2023-07-04 23:33:54]	Best Accuracy for validation : 0.9777 at epoch 039
[2023-07-04 23:33:54]	Best F1-score for validation : 0.9776 at epoch 039
[2023-07-04 23:33:54]	learning rate = 0.009619397662556437
[2023-07-04 23:33:55]	

********************************The performance of best_f1model:*******************************
[2023-07-04 23:33:55]	


Start test process
[2023-07-04 23:33:57]	test-macro-F1-Score:0.9675
[2023-07-04 23:33:57]	[[60.  0.  4.]
 [ 0. 60.  0.]
 [ 2.  0. 57.]]
[2023-07-04 23:33:57]	the model accuracy is 0.9672131147540983
[2023-07-04 23:33:57]	+---------+-----------+--------+-------------+
|         | Precision | Recall | Specificity |
+---------+-----------+--------+-------------+
| class-0 |   0.938   | 0.968  |    0.967    |
| class-1 |    1.0    |  1.0   |     1.0     |
| class-2 |   0.966   | 0.934  |    0.984    |
+---------+-----------+--------+-------------+
[2023-07-04 23:33:57]	Test: Loss: 0.5825, Accuracy: 96.7213 %, Time: 2.5247s
[2023-07-04 23:33:58]	

********************************The performance of best_accmodel:*******************************
[2023-07-04 23:33:58]	


Start test process
[2023-07-04 23:33:59]	test-macro-F1-Score:0.9675
[2023-07-04 23:33:59]	[[60.  0.  4.]
 [ 0. 60.  0.]
 [ 2.  0. 57.]]
[2023-07-04 23:33:59]	the model accuracy is 0.9672131147540983
[2023-07-04 23:33:59]	+---------+-----------+--------+-------------+
|         | Precision | Recall | Specificity |
+---------+-----------+--------+-------------+
| class-0 |   0.938   | 0.968  |    0.967    |
| class-1 |    1.0    |  1.0   |     1.0     |
| class-2 |   0.966   | 0.934  |    0.984    |
+---------+-----------+--------+-------------+
[2023-07-04 23:33:59]	Test: Loss: 0.5825, Accuracy: 96.7213 %, Time: 1.9000s
