[2023-07-13 15:05:21]	KvaCap: train information on KvaCap dataset

[2023-07-13 15:05:21]	The List of Hyperparameters:
[2023-07-13 15:05:21]	--batch_size = 128
[2023-07-13 15:05:21]	--datadir = ../data/kvasir_capsule811
[2023-07-13 15:05:21]	--dataset = KvasirCapule
[2023-07-13 15:05:21]	--epochs = 30
[2023-07-13 15:05:21]	--gpu = 0
[2023-07-13 15:05:21]	--lr = 0.01
[2023-07-13 15:05:21]	--model = ResNext50_32x4d
[2023-07-13 15:05:21]	--num_classes = 10
[2023-07-13 15:05:21]	--num_workers = 14
[2023-07-13 15:05:21]	--optimizer = SGD
[2023-07-13 15:05:21]	--seed = 42
[2023-07-13 15:05:21]	--weight_decay = 0.0
[2023-07-13 15:05:21]	True
[2023-07-13 15:05:22]	{'angiectasia': 0, 'blood_fresh_hematin': 1, 'erosion': 2, 'erythema': 3, 'foreign_body': 4, 'lymphangiectasia': 5, 'normal_clean_mucosa': 6, 'polyp': 7, 'reduced_mucosal_view': 8, 'ulcer': 9}
[2023-07-13 15:05:22]	train_data_size = 33213, valid_data_size = 4152, test_data_size = 4145
[2023-07-13 15:05:22]	class_weight = tensor([ 47.9330,  90.6332,  82.0356, 261.0692,  53.4923,  70.1182,   1.2089,
        754.7273,  14.2842,  48.6066]), use the function of 'get_weight' in load_data to compute class_weight, please save class_weight value and remove the time-consuming 'get_weight' in load_data
[2023-07-13 15:05:26]	


************************Epoch: 1/30***********************
[2023-07-13 15:07:44]	[[1.000e+01 4.000e+00 3.000e+00 2.000e+00 5.000e+00 1.600e+01 2.371e+03
  0.000e+00 5.000e+00 5.000e+00]
 [0.000e+00 0.000e+00 0.000e+00 0.000e+00 0.000e+00 0.000e+00 0.000e+00
  0.000e+00 0.000e+00 0.000e+00]
 [7.000e+00 2.100e+01 1.000e+01 0.000e+00 3.800e+01 3.700e+01 1.800e+01
  2.000e+00 7.500e+01 1.600e+01]
 [0.000e+00 0.000e+00 0.000e+00 0.000e+00 0.000e+00 0.000e+00 0.000e+00
  0.000e+00 0.000e+00 0.000e+00]
 [0.000e+00 0.000e+00 0.000e+00 0.000e+00 1.200e+01 0.000e+00 0.000e+00
  1.000e+00 1.000e+00 0.000e+00]
 [0.000e+00 0.000e+00 0.000e+00 0.000e+00 0.000e+00 0.000e+00 0.000e+00
  0.000e+00 0.000e+00 0.000e+00]
 [0.000e+00 0.000e+00 0.000e+00 0.000e+00 0.000e+00 0.000e+00 5.000e+00
  0.000e+00 2.000e+00 0.000e+00]
 [9.000e+00 1.300e+01 2.000e+00 0.000e+00 4.000e+00 2.000e+00 4.000e+00
  0.000e+00 1.250e+02 4.000e+00]
 [3.100e+01 1.000e+00 1.600e+01 4.000e+00 1.000e+00 0.000e+00 3.000e+00
  0.000e+00 4.000e+00 3.800e+01]
 [3.000e+01 7.000e+00 2.000e+01 1.000e+01 1.800e+01 4.000e+00 1.033e+03
  2.000e+00 7.900e+01 2.200e+01]]
[2023-07-13 15:07:44]	the model accuracy is 0.015173410404624277
[2023-07-13 15:07:44]	+---------+-----------+--------+-------------+
|         | Precision | Recall | Specificity |
+---------+-----------+--------+-------------+
| class-0 |   0.004   | 0.115  |    0.407    |
| class-1 |    0.0    |  0.0   |     1.0     |
| class-2 |   0.045   | 0.196  |    0.948    |
| class-3 |    0.0    |  0.0   |     1.0     |
| class-4 |   0.857   | 0.154  |     1.0     |
| class-5 |    0.0    |  0.0   |     1.0     |
| class-6 |   0.714   | 0.001  |    0.997    |
| class-7 |    0.0    |  0.0   |    0.961    |
| class-8 |   0.041   | 0.014  |    0.976    |
| class-9 |   0.018   | 0.259  |    0.704    |
+---------+-----------+--------+-------------+
[2023-07-13 15:07:44]	valid-macro-F1-Score:0.0399
[2023-07-13 15:07:44]	Epoch: 001, Training: Loss: 0.8390, Accuracy: 9.7191 %, 
		Validation: Loss: 2.2983, Accuracy:1.5173 %, Time: 137.9462s
[2023-07-13 15:07:44]	Best Accuracy for validation : 0.0152 at epoch 001
[2023-07-13 15:07:44]	Best F1-score for validation : 0.0399 at epoch 001
[2023-07-13 15:07:44]	learning rate = 0.009975923633360985
[2023-07-13 15:07:44]	


************************Epoch: 2/30***********************
[2023-07-13 15:09:57]	[[6.100e+01 1.000e+00 9.000e+00 5.000e+00 0.000e+00 0.000e+00 2.000e+00
  0.000e+00 0.000e+00 3.600e+01]
 [0.000e+00 2.400e+01 0.000e+00 0.000e+00 0.000e+00 1.000e+01 1.000e+00
  0.000e+00 0.000e+00 0.000e+00]
 [7.000e+00 2.000e+00 3.000e+00 1.000e+00 1.200e+01 1.000e+01 1.000e+00
  0.000e+00 7.000e+00 7.000e+00]
 [0.000e+00 0.000e+00 0.000e+00 0.000e+00 0.000e+00 0.000e+00 0.000e+00
  0.000e+00 0.000e+00 0.000e+00]
 [0.000e+00 0.000e+00 0.000e+00 0.000e+00 5.000e+00 0.000e+00 0.000e+00
  0.000e+00 1.500e+01 0.000e+00]
 [0.000e+00 0.000e+00 0.000e+00 0.000e+00 0.000e+00 0.000e+00 0.000e+00
  0.000e+00 0.000e+00 0.000e+00]
 [1.900e+01 1.900e+01 3.600e+01 9.000e+00 5.000e+01 3.800e+01 3.427e+03
  5.000e+00 8.700e+01 3.900e+01]
 [0.000e+00 0.000e+00 0.000e+00 0.000e+00 0.000e+00 0.000e+00 0.000e+00
  0.000e+00 0.000e+00 0.000e+00]
 [0.000e+00 0.000e+00 1.000e+00 0.000e+00 1.000e+01 0.000e+00 0.000e+00
  0.000e+00 1.790e+02 1.000e+00]
 [0.000e+00 0.000e+00 2.000e+00 1.000e+00 1.000e+00 1.000e+00 3.000e+00
  0.000e+00 3.000e+00 2.000e+00]]
[2023-07-13 15:09:57]	the model accuracy is 0.8913776493256262
[2023-07-13 15:09:57]	+---------+-----------+--------+-------------+
|         | Precision | Recall | Specificity |
+---------+-----------+--------+-------------+
| class-0 |   0.535   | 0.701  |    0.987    |
| class-1 |   0.686   | 0.522  |    0.997    |
| class-2 |    0.06   | 0.059  |    0.989    |
| class-3 |    0.0    |  0.0   |     1.0     |
| class-4 |    0.25   | 0.064  |    0.996    |
| class-5 |    0.0    |  0.0   |     1.0     |
| class-6 |   0.919   | 0.998  |    0.579    |
| class-7 |    0.0    |  0.0   |     1.0     |
| class-8 |   0.937   | 0.615  |    0.997    |
| class-9 |   0.154   | 0.024  |    0.997    |
+---------+-----------+--------+-------------+
[2023-07-13 15:09:57]	valid-macro-F1-Score:0.3101
[2023-07-13 15:09:57]	Epoch: 002, Training: Loss: 0.7743, Accuracy: 59.1094 %, 
		Validation: Loss: 2.2416, Accuracy:89.1378 %, Time: 132.7328s
[2023-07-13 15:09:57]	Best Accuracy for validation : 0.8914 at epoch 002
[2023-07-13 15:09:57]	Best F1-score for validation : 0.3101 at epoch 002
[2023-07-13 15:09:57]	learning rate = 0.009903926402016152
[2023-07-13 15:09:57]	


************************Epoch: 3/30***********************
[2023-07-13 15:12:10]	[[6.300e+01 0.000e+00 1.700e+01 1.000e+01 0.000e+00 2.000e+00 1.000e+00
  0.000e+00 0.000e+00 4.900e+01]
 [1.000e+00 3.500e+01 0.000e+00 0.000e+00 0.000e+00 0.000e+00 0.000e+00
  0.000e+00 0.000e+00 0.000e+00]
 [0.000e+00 0.000e+00 0.000e+00 0.000e+00 0.000e+00 0.000e+00 0.000e+00
  0.000e+00 0.000e+00 0.000e+00]
 [0.000e+00 0.000e+00 0.000e+00 0.000e+00 0.000e+00 0.000e+00 0.000e+00
  0.000e+00 0.000e+00 0.000e+00]
 [0.000e+00 0.000e+00 0.000e+00 0.000e+00 3.100e+01 9.000e+00 0.000e+00
  0.000e+00 0.000e+00 0.000e+00]
 [0.000e+00 0.000e+00 0.000e+00 0.000e+00 0.000e+00 8.000e+00 0.000e+00
  0.000e+00 0.000e+00 0.000e+00]
 [2.300e+01 1.000e+01 3.100e+01 6.000e+00 3.700e+01 3.600e+01 3.427e+03
  5.000e+00 3.800e+01 3.000e+01]
 [0.000e+00 0.000e+00 0.000e+00 0.000e+00 0.000e+00 0.000e+00 0.000e+00
  0.000e+00 0.000e+00 0.000e+00]
 [0.000e+00 1.000e+00 3.000e+00 0.000e+00 1.000e+01 4.000e+00 6.000e+00
  0.000e+00 2.530e+02 6.000e+00]
 [0.000e+00 0.000e+00 0.000e+00 0.000e+00 0.000e+00 0.000e+00 0.000e+00
  0.000e+00 0.000e+00 0.000e+00]]
[2023-07-13 15:12:10]	the model accuracy is 0.9193159922928709
[2023-07-13 15:12:10]	+---------+-----------+--------+-------------+
|         | Precision | Recall | Specificity |
+---------+-----------+--------+-------------+
| class-0 |   0.444   | 0.724  |    0.981    |
| class-1 |   0.972   | 0.761  |     1.0     |
| class-2 |    0.0    |  0.0   |     1.0     |
| class-3 |    0.0    |  0.0   |     1.0     |
| class-4 |   0.775   | 0.397  |    0.998    |
| class-5 |    1.0    | 0.136  |     1.0     |
| class-6 |   0.941   | 0.998  |    0.699    |
| class-7 |    0.0    |  0.0   |     1.0     |
| class-8 |   0.894   | 0.869  |    0.992    |
| class-9 |    0.0    |  0.0   |     1.0     |
+---------+-----------+--------+-------------+
[2023-07-13 15:12:10]	valid-macro-F1-Score:0.4018
[2023-07-13 15:12:10]	Epoch: 003, Training: Loss: 0.7912, Accuracy: 90.1213 %, 
		Validation: Loss: 1.8309, Accuracy:91.9316 %, Time: 133.5600s
[2023-07-13 15:12:10]	Best Accuracy for validation : 0.9193 at epoch 003
[2023-07-13 15:12:10]	Best F1-score for validation : 0.4018 at epoch 003
[2023-07-13 15:12:10]	learning rate = 0.009784701678661044
[2023-07-13 15:12:11]	


************************Epoch: 4/30***********************
[2023-07-13 15:14:24]	[[7.300e+01 0.000e+00 2.000e+01 9.000e+00 3.000e+00 2.000e+00 0.000e+00
  0.000e+00 0.000e+00 6.000e+01]
 [0.000e+00 2.900e+01 0.000e+00 0.000e+00 0.000e+00 0.000e+00 0.000e+00
  0.000e+00 0.000e+00 4.000e+00]
 [0.000e+00 0.000e+00 0.000e+00 0.000e+00 0.000e+00 0.000e+00 0.000e+00
  0.000e+00 0.000e+00 0.000e+00]
 [0.000e+00 0.000e+00 0.000e+00 0.000e+00 0.000e+00 0.000e+00 0.000e+00
  0.000e+00 0.000e+00 0.000e+00]
 [0.000e+00 0.000e+00 0.000e+00 0.000e+00 3.100e+01 3.200e+01 0.000e+00
  0.000e+00 0.000e+00 0.000e+00]
 [0.000e+00 0.000e+00 0.000e+00 0.000e+00 0.000e+00 0.000e+00 0.000e+00
  0.000e+00 0.000e+00 0.000e+00]
 [1.400e+01 1.700e+01 2.400e+01 7.000e+00 4.000e+01 2.500e+01 3.412e+03
  5.000e+00 1.100e+01 1.500e+01]
 [0.000e+00 0.000e+00 0.000e+00 0.000e+00 0.000e+00 0.000e+00 0.000e+00
  0.000e+00 0.000e+00 0.000e+00]
 [0.000e+00 0.000e+00 7.000e+00 0.000e+00 4.000e+00 0.000e+00 2.200e+01
  0.000e+00 2.800e+02 6.000e+00]
 [0.000e+00 0.000e+00 0.000e+00 0.000e+00 0.000e+00 0.000e+00 0.000e+00
  0.000e+00 0.000e+00 0.000e+00]]
[2023-07-13 15:14:24]	the model accuracy is 0.921242774566474
[2023-07-13 15:14:24]	+---------+-----------+--------+-------------+
|         | Precision | Recall | Specificity |
+---------+-----------+--------+-------------+
| class-0 |   0.437   | 0.839  |    0.977    |
| class-1 |   0.879   |  0.63  |    0.999    |
| class-2 |    0.0    |  0.0   |     1.0     |
| class-3 |    0.0    |  0.0   |     1.0     |
| class-4 |   0.492   | 0.397  |    0.992    |
| class-5 |    0.0    |  0.0   |     1.0     |
| class-6 |   0.956   | 0.994  |     0.78    |
| class-7 |    0.0    |  0.0   |     1.0     |
| class-8 |   0.878   | 0.962  |     0.99    |
| class-9 |    0.0    |  0.0   |     1.0     |
+---------+-----------+--------+-------------+
[2023-07-13 15:14:24]	valid-macro-F1-Score:0.3641
[2023-07-13 15:14:24]	Epoch: 004, Training: Loss: 0.8080, Accuracy: 90.9252 %, 
		Validation: Loss: 1.6260, Accuracy:92.1243 %, Time: 133.7233s
[2023-07-13 15:14:24]	Best Accuracy for validation : 0.9212 at epoch 004
[2023-07-13 15:14:24]	Best F1-score for validation : 0.4018 at epoch 003
[2023-07-13 15:14:24]	learning rate = 0.009619397662556433
[2023-07-13 15:14:25]	


************************Epoch: 5/30***********************
[2023-07-13 15:16:39]	[[6.900e+01 0.000e+00 1.600e+01 6.000e+00 0.000e+00 4.000e+00 1.000e+00
  0.000e+00 0.000e+00 4.600e+01]
 [8.000e+00 4.600e+01 1.000e+00 1.000e+00 0.000e+00 0.000e+00 0.000e+00
  3.000e+00 0.000e+00 1.200e+01]
 [0.000e+00 0.000e+00 0.000e+00 0.000e+00 0.000e+00 0.000e+00 0.000e+00
  0.000e+00 0.000e+00 0.000e+00]
 [0.000e+00 0.000e+00 0.000e+00 0.000e+00 0.000e+00 0.000e+00 0.000e+00
  0.000e+00 0.000e+00 0.000e+00]
 [0.000e+00 0.000e+00 3.000e+00 0.000e+00 7.400e+01 1.600e+01 2.600e+01
  1.000e+00 0.000e+00 0.000e+00]
 [0.000e+00 0.000e+00 1.000e+00 0.000e+00 0.000e+00 3.300e+01 1.300e+01
  0.000e+00 1.000e+00 0.000e+00]
 [1.000e+01 0.000e+00 2.200e+01 9.000e+00 4.000e+00 6.000e+00 3.364e+03
  1.000e+00 0.000e+00 1.000e+01]
 [0.000e+00 0.000e+00 0.000e+00 0.000e+00 0.000e+00 0.000e+00 0.000e+00
  0.000e+00 0.000e+00 0.000e+00]
 [0.000e+00 0.000e+00 8.000e+00 0.000e+00 0.000e+00 0.000e+00 3.000e+01
  0.000e+00 2.900e+02 1.700e+01]
 [0.000e+00 0.000e+00 0.000e+00 0.000e+00 0.000e+00 0.000e+00 0.000e+00
  0.000e+00 0.000e+00 0.000e+00]]
[2023-07-13 15:16:39]	the model accuracy is 0.9335260115606936
[2023-07-13 15:16:39]	+---------+-----------+--------+-------------+
|         | Precision | Recall | Specificity |
+---------+-----------+--------+-------------+
| class-0 |   0.486   | 0.793  |    0.982    |
| class-1 |   0.648   |  1.0   |    0.994    |
| class-2 |    0.0    |  0.0   |     1.0     |
| class-3 |    0.0    |  0.0   |     1.0     |
| class-4 |   0.617   | 0.949  |    0.989    |
| class-5 |   0.688   | 0.559  |    0.996    |
| class-6 |   0.982   |  0.98  |    0.914    |
| class-7 |    0.0    |  0.0   |     1.0     |
| class-8 |   0.841   | 0.997  |    0.986    |
| class-9 |    0.0    |  0.0   |     1.0     |
+---------+-----------+--------+-------------+
[2023-07-13 15:16:39]	valid-macro-F1-Score:0.4646
[2023-07-13 15:16:39]	Epoch: 005, Training: Loss: 0.8172, Accuracy: 92.3253 %, 
		Validation: Loss: 1.6751, Accuracy:93.3526 %, Time: 134.6276s
[2023-07-13 15:16:39]	Best Accuracy for validation : 0.9335 at epoch 005
[2023-07-13 15:16:39]	Best F1-score for validation : 0.4646 at epoch 005
[2023-07-13 15:16:39]	learning rate = 0.009409606321741773
[2023-07-13 15:16:40]	


************************Epoch: 6/30***********************
[2023-07-13 15:18:54]	[[7.400e+01 0.000e+00 1.500e+01 7.000e+00 0.000e+00 1.000e+00 0.000e+00
  0.000e+00 0.000e+00 4.000e+00]
 [1.000e+00 4.600e+01 0.000e+00 0.000e+00 0.000e+00 0.000e+00 0.000e+00
  5.000e+00 0.000e+00 1.000e+00]
 [0.000e+00 0.000e+00 0.000e+00 0.000e+00 0.000e+00 0.000e+00 0.000e+00
  0.000e+00 0.000e+00 0.000e+00]
 [0.000e+00 0.000e+00 0.000e+00 0.000e+00 0.000e+00 0.000e+00 0.000e+00
  0.000e+00 0.000e+00 0.000e+00]
 [0.000e+00 0.000e+00 0.000e+00 0.000e+00 6.900e+01 0.000e+00 1.000e+00
  0.000e+00 0.000e+00 0.000e+00]
 [0.000e+00 0.000e+00 0.000e+00 0.000e+00 4.000e+00 4.500e+01 1.000e+00
  0.000e+00 1.000e+00 0.000e+00]
 [4.000e+00 0.000e+00 1.200e+01 4.000e+00 5.000e+00 5.000e+00 3.428e+03
  0.000e+00 2.000e+00 2.000e+00]
 [0.000e+00 0.000e+00 0.000e+00 0.000e+00 0.000e+00 0.000e+00 0.000e+00
  0.000e+00 0.000e+00 0.000e+00]
 [0.000e+00 0.000e+00 3.000e+00 0.000e+00 0.000e+00 0.000e+00 4.000e+00
  0.000e+00 2.870e+02 4.000e+00]
 [8.000e+00 0.000e+00 2.100e+01 5.000e+00 0.000e+00 8.000e+00 0.000e+00
  0.000e+00 1.000e+00 7.400e+01]]
[2023-07-13 15:18:54]	the model accuracy is 0.9689306358381503
[2023-07-13 15:18:54]	+---------+-----------+--------+-------------+
|         | Precision | Recall | Specificity |
+---------+-----------+--------+-------------+
| class-0 |   0.733   | 0.851  |    0.993    |
| class-1 |   0.868   |  1.0   |    0.998    |
| class-2 |    0.0    |  0.0   |     1.0     |
| class-3 |    0.0    |  0.0   |     1.0     |
| class-4 |   0.986   | 0.885  |     1.0     |
| class-5 |   0.882   | 0.763  |    0.999    |
| class-6 |    0.99   | 0.998  |    0.953    |
| class-7 |    0.0    |  0.0   |     1.0     |
| class-8 |   0.963   | 0.986  |    0.997    |
| class-9 |   0.632   | 0.871  |    0.989    |
+---------+-----------+--------+-------------+
[2023-07-13 15:18:54]	valid-macro-F1-Score:0.6169
[2023-07-13 15:18:54]	Epoch: 006, Training: Loss: 0.8250, Accuracy: 94.6527 %, 
		Validation: Loss: 1.5589, Accuracy:96.8931 %, Time: 133.9734s
[2023-07-13 15:18:54]	Best Accuracy for validation : 0.9689 at epoch 006
[2023-07-13 15:18:54]	Best F1-score for validation : 0.6169 at epoch 006
[2023-07-13 15:18:54]	learning rate = 0.009157348061512725
[2023-07-13 15:18:54]	


************************Epoch: 7/30***********************
[2023-07-13 15:21:07]	[[7.90e+01 0.00e+00 1.60e+01 6.00e+00 0.00e+00 0.00e+00 0.00e+00 0.00e+00
  0.00e+00 4.00e+00]
 [0.00e+00 4.20e+01 0.00e+00 0.00e+00 0.00e+00 0.00e+00 0.00e+00 0.00e+00
  0.00e+00 0.00e+00]
 [0.00e+00 0.00e+00 0.00e+00 0.00e+00 0.00e+00 0.00e+00 0.00e+00 0.00e+00
  0.00e+00 0.00e+00]
 [0.00e+00 0.00e+00 0.00e+00 0.00e+00 0.00e+00 0.00e+00 0.00e+00 0.00e+00
  0.00e+00 0.00e+00]
 [0.00e+00 0.00e+00 0.00e+00 0.00e+00 7.50e+01 2.00e+00 2.00e+00 0.00e+00
  0.00e+00 0.00e+00]
 [0.00e+00 0.00e+00 0.00e+00 0.00e+00 0.00e+00 5.00e+01 0.00e+00 0.00e+00
  0.00e+00 0.00e+00]
 [5.00e+00 0.00e+00 7.00e+00 4.00e+00 2.00e+00 4.00e+00 3.43e+03 0.00e+00
  2.00e+00 3.00e+00]
 [0.00e+00 0.00e+00 0.00e+00 0.00e+00 0.00e+00 0.00e+00 1.00e+00 5.00e+00
  0.00e+00 0.00e+00]
 [0.00e+00 0.00e+00 4.00e+00 0.00e+00 1.00e+00 0.00e+00 1.00e+00 0.00e+00
  2.89e+02 1.00e+00]
 [3.00e+00 4.00e+00 2.40e+01 6.00e+00 0.00e+00 3.00e+00 0.00e+00 0.00e+00
  0.00e+00 7.70e+01]]
[2023-07-13 15:21:07]	the model accuracy is 0.9747109826589595
[2023-07-13 15:21:07]	+---------+-----------+--------+-------------+
|         | Precision | Recall | Specificity |
+---------+-----------+--------+-------------+
| class-0 |   0.752   | 0.908  |    0.994    |
| class-1 |    1.0    | 0.913  |     1.0     |
| class-2 |    0.0    |  0.0   |     1.0     |
| class-3 |    0.0    |  0.0   |     1.0     |
| class-4 |   0.949   | 0.962  |    0.999    |
| class-5 |    1.0    | 0.847  |     1.0     |
| class-6 |   0.992   | 0.999  |    0.962    |
| class-7 |   0.833   |  1.0   |     1.0     |
| class-8 |   0.976   | 0.993  |    0.998    |
| class-9 |   0.658   | 0.906  |     0.99    |
+---------+-----------+--------+-------------+
[2023-07-13 15:21:07]	valid-macro-F1-Score:0.7302
[2023-07-13 15:21:07]	Epoch: 007, Training: Loss: 0.8308, Accuracy: 95.3753 %, 
		Validation: Loss: 1.5207, Accuracy:97.4711 %, Time: 133.1336s
[2023-07-13 15:21:07]	Best Accuracy for validation : 0.9747 at epoch 007
[2023-07-13 15:21:07]	Best F1-score for validation : 0.7302 at epoch 007
[2023-07-13 15:21:07]	learning rate = 0.008865052266813682
[2023-07-13 15:21:07]	


************************Epoch: 8/30***********************
[2023-07-13 15:23:20]	[[7.700e+01 0.000e+00 7.000e+00 1.000e+00 0.000e+00 1.000e+00 0.000e+00
  0.000e+00 0.000e+00 0.000e+00]
 [1.000e+00 4.400e+01 0.000e+00 0.000e+00 1.000e+00 0.000e+00 1.000e+00
  0.000e+00 0.000e+00 4.000e+00]
 [0.000e+00 0.000e+00 0.000e+00 0.000e+00 0.000e+00 0.000e+00 0.000e+00
  0.000e+00 0.000e+00 0.000e+00]
 [0.000e+00 0.000e+00 0.000e+00 0.000e+00 0.000e+00 0.000e+00 0.000e+00
  0.000e+00 0.000e+00 0.000e+00]
 [1.000e+00 0.000e+00 1.000e+00 0.000e+00 7.400e+01 3.000e+00 3.000e+00
  0.000e+00 0.000e+00 0.000e+00]
 [0.000e+00 0.000e+00 1.000e+00 0.000e+00 0.000e+00 4.800e+01 0.000e+00
  0.000e+00 0.000e+00 0.000e+00]
 [3.000e+00 0.000e+00 9.000e+00 5.000e+00 3.000e+00 4.000e+00 3.425e+03
  0.000e+00 0.000e+00 1.000e+00]
 [0.000e+00 0.000e+00 0.000e+00 0.000e+00 0.000e+00 0.000e+00 0.000e+00
  5.000e+00 0.000e+00 0.000e+00]
 [1.000e+00 0.000e+00 6.000e+00 0.000e+00 0.000e+00 3.000e+00 4.000e+00
  0.000e+00 2.910e+02 2.000e+00]
 [4.000e+00 2.000e+00 2.700e+01 1.000e+01 0.000e+00 0.000e+00 1.000e+00
  0.000e+00 0.000e+00 7.800e+01]]
[2023-07-13 15:23:20]	the model accuracy is 0.9735067437379576
[2023-07-13 15:23:20]	+---------+-----------+--------+-------------+
|         | Precision | Recall | Specificity |
+---------+-----------+--------+-------------+
| class-0 |   0.895   | 0.885  |    0.998    |
| class-1 |   0.863   | 0.957  |    0.998    |
| class-2 |    0.0    |  0.0   |     1.0     |
| class-3 |    0.0    |  0.0   |     1.0     |
| class-4 |   0.902   | 0.949  |    0.998    |
| class-5 |    0.98   | 0.814  |     1.0     |
| class-6 |   0.993   | 0.997  |    0.965    |
| class-7 |    1.0    |  1.0   |     1.0     |
| class-8 |   0.948   |  1.0   |    0.996    |
| class-9 |   0.639   | 0.918  |    0.989    |
+---------+-----------+--------+-------------+
[2023-07-13 15:23:20]	valid-macro-F1-Score:0.7333
[2023-07-13 15:23:20]	Epoch: 008, Training: Loss: 0.8369, Accuracy: 96.1702 %, 
		Validation: Loss: 1.5157, Accuracy:97.3507 %, Time: 132.8428s
[2023-07-13 15:23:20]	Best Accuracy for validation : 0.9747 at epoch 007
[2023-07-13 15:23:20]	Best F1-score for validation : 0.7333 at epoch 008
[2023-07-13 15:23:20]	learning rate = 0.008535533905932735
[2023-07-13 15:23:20]	


************************Epoch: 9/30***********************
[2023-07-13 15:25:35]	[[7.900e+01 4.000e+00 1.100e+01 1.000e+00 0.000e+00 1.000e+00 1.000e+00
  0.000e+00 0.000e+00 1.000e+00]
 [0.000e+00 4.200e+01 0.000e+00 0.000e+00 0.000e+00 0.000e+00 0.000e+00
  0.000e+00 0.000e+00 2.000e+00]
 [0.000e+00 0.000e+00 2.000e+00 0.000e+00 0.000e+00 0.000e+00 0.000e+00
  0.000e+00 0.000e+00 0.000e+00]
 [0.000e+00 0.000e+00 0.000e+00 0.000e+00 0.000e+00 0.000e+00 0.000e+00
  0.000e+00 0.000e+00 0.000e+00]
 [2.000e+00 0.000e+00 6.000e+00 0.000e+00 7.700e+01 1.000e+00 1.100e+01
  0.000e+00 0.000e+00 1.000e+00]
 [0.000e+00 0.000e+00 1.000e+00 1.000e+00 0.000e+00 5.700e+01 1.300e+01
  0.000e+00 1.000e+00 0.000e+00]
 [4.000e+00 0.000e+00 3.000e+00 3.000e+00 1.000e+00 0.000e+00 3.403e+03
  0.000e+00 0.000e+00 0.000e+00]
 [0.000e+00 0.000e+00 0.000e+00 0.000e+00 0.000e+00 0.000e+00 0.000e+00
  5.000e+00 0.000e+00 0.000e+00]
 [0.000e+00 0.000e+00 4.000e+00 0.000e+00 0.000e+00 0.000e+00 3.000e+00
  0.000e+00 2.900e+02 2.000e+00]
 [2.000e+00 0.000e+00 2.400e+01 1.100e+01 0.000e+00 0.000e+00 3.000e+00
  0.000e+00 0.000e+00 7.900e+01]]
[2023-07-13 15:25:35]	the model accuracy is 0.9715799614643545
[2023-07-13 15:25:35]	+---------+-----------+--------+-------------+
|         | Precision | Recall | Specificity |
+---------+-----------+--------+-------------+
| class-0 |   0.806   | 0.908  |    0.995    |
| class-1 |   0.955   | 0.913  |     1.0     |
| class-2 |    1.0    | 0.039  |     1.0     |
| class-3 |    0.0    |  0.0   |     1.0     |
| class-4 |   0.786   | 0.987  |    0.995    |
| class-5 |   0.781   | 0.966  |    0.996    |
| class-6 |   0.997   | 0.991  |    0.985    |
| class-7 |    1.0    |  1.0   |     1.0     |
| class-8 |    0.97   | 0.997  |    0.998    |
| class-9 |   0.664   | 0.929  |     0.99    |
+---------+-----------+--------+-------------+
[2023-07-13 15:25:35]	valid-macro-F1-Score:0.7353
[2023-07-13 15:25:35]	Epoch: 009, Training: Loss: 0.8637, Accuracy: 96.1160 %, 
		Validation: Loss: 1.5111, Accuracy:97.1580 %, Time: 134.7598s
[2023-07-13 15:25:35]	Best Accuracy for validation : 0.9747 at epoch 007
[2023-07-13 15:25:35]	Best F1-score for validation : 0.7353 at epoch 009
[2023-07-13 15:25:35]	learning rate = 0.008171966420818225
[2023-07-13 15:25:35]	


************************Epoch: 10/30***********************
[2023-07-13 15:27:50]	[[8.200e+01 3.000e+00 1.300e+01 2.000e+00 0.000e+00 0.000e+00 0.000e+00
  0.000e+00 0.000e+00 1.000e+00]
 [0.000e+00 4.200e+01 0.000e+00 0.000e+00 0.000e+00 0.000e+00 0.000e+00
  0.000e+00 0.000e+00 0.000e+00]
 [0.000e+00 0.000e+00 1.000e+00 0.000e+00 0.000e+00 0.000e+00 0.000e+00
  0.000e+00 0.000e+00 0.000e+00]
 [0.000e+00 0.000e+00 0.000e+00 0.000e+00 0.000e+00 0.000e+00 0.000e+00
  0.000e+00 0.000e+00 0.000e+00]
 [0.000e+00 0.000e+00 1.000e+00 0.000e+00 7.700e+01 0.000e+00 2.000e+00
  0.000e+00 1.000e+00 1.000e+00]
 [0.000e+00 0.000e+00 2.000e+00 0.000e+00 0.000e+00 5.800e+01 4.000e+00
  0.000e+00 1.000e+00 0.000e+00]
 [3.000e+00 0.000e+00 2.000e+00 3.000e+00 1.000e+00 1.000e+00 3.425e+03
  0.000e+00 1.000e+00 0.000e+00]
 [0.000e+00 0.000e+00 0.000e+00 0.000e+00 0.000e+00 0.000e+00 1.000e+00
  5.000e+00 0.000e+00 0.000e+00]
 [0.000e+00 0.000e+00 1.000e+00 0.000e+00 0.000e+00 0.000e+00 2.000e+00
  0.000e+00 2.880e+02 0.000e+00]
 [2.000e+00 1.000e+00 3.100e+01 1.100e+01 0.000e+00 0.000e+00 0.000e+00
  0.000e+00 0.000e+00 8.300e+01]]
[2023-07-13 15:27:50]	the model accuracy is 0.978082851637765
[2023-07-13 15:27:50]	+---------+-----------+--------+-------------+
|         | Precision | Recall | Specificity |
+---------+-----------+--------+-------------+
| class-0 |   0.812   | 0.943  |    0.995    |
| class-1 |    1.0    | 0.913  |     1.0     |
| class-2 |    1.0    |  0.02  |     1.0     |
| class-3 |    0.0    |  0.0   |     1.0     |
| class-4 |   0.939   | 0.987  |    0.999    |
| class-5 |   0.892   | 0.983  |    0.998    |
| class-6 |   0.997   | 0.997  |    0.985    |
| class-7 |   0.833   |  1.0   |     1.0     |
| class-8 |    0.99   |  0.99  |    0.999    |
| class-9 |   0.648   | 0.976  |    0.989    |
+---------+-----------+--------+-------------+
[2023-07-13 15:27:50]	valid-macro-F1-Score:0.7439
[2023-07-13 15:27:50]	Epoch: 010, Training: Loss: 0.8801, Accuracy: 96.2846 %, 
		Validation: Loss: 1.4964, Accuracy:97.8083 %, Time: 134.4914s
[2023-07-13 15:27:50]	Best Accuracy for validation : 0.9781 at epoch 010
[2023-07-13 15:27:50]	Best F1-score for validation : 0.7439 at epoch 010
[2023-07-13 15:27:50]	learning rate = 0.007777851165098009
[2023-07-13 15:27:50]	


************************Epoch: 11/30***********************
[2023-07-13 15:30:03]	[[8.200e+01 4.000e+00 1.500e+01 1.000e+00 0.000e+00 0.000e+00 1.000e+00
  0.000e+00 0.000e+00 0.000e+00]
 [0.000e+00 4.200e+01 0.000e+00 0.000e+00 0.000e+00 0.000e+00 0.000e+00
  0.000e+00 0.000e+00 0.000e+00]
 [0.000e+00 0.000e+00 6.000e+00 2.000e+00 0.000e+00 0.000e+00 0.000e+00
  0.000e+00 0.000e+00 0.000e+00]
 [0.000e+00 0.000e+00 0.000e+00 3.000e+00 0.000e+00 0.000e+00 0.000e+00
  0.000e+00 0.000e+00 0.000e+00]
 [0.000e+00 0.000e+00 1.000e+00 0.000e+00 7.700e+01 1.000e+00 5.000e+00
  0.000e+00 0.000e+00 1.000e+00]
 [0.000e+00 0.000e+00 0.000e+00 0.000e+00 0.000e+00 5.500e+01 1.000e+00
  0.000e+00 0.000e+00 0.000e+00]
 [4.000e+00 0.000e+00 4.000e+00 3.000e+00 1.000e+00 3.000e+00 3.424e+03
  0.000e+00 0.000e+00 1.000e+00]
 [0.000e+00 0.000e+00 0.000e+00 0.000e+00 0.000e+00 0.000e+00 0.000e+00
  5.000e+00 0.000e+00 0.000e+00]
 [0.000e+00 0.000e+00 3.000e+00 0.000e+00 0.000e+00 0.000e+00 2.000e+00
  0.000e+00 2.910e+02 1.000e+00]
 [1.000e+00 0.000e+00 2.200e+01 7.000e+00 0.000e+00 0.000e+00 1.000e+00
  0.000e+00 0.000e+00 8.200e+01]]
[2023-07-13 15:30:03]	the model accuracy is 0.9795279383429673
[2023-07-13 15:30:03]	+---------+-----------+--------+-------------+
|         | Precision | Recall | Specificity |
+---------+-----------+--------+-------------+
| class-0 |   0.796   | 0.943  |    0.995    |
| class-1 |    1.0    | 0.913  |     1.0     |
| class-2 |    0.75   | 0.118  |     1.0     |
| class-3 |    1.0    | 0.188  |     1.0     |
| class-4 |   0.906   | 0.987  |    0.998    |
| class-5 |   0.982   | 0.932  |     1.0     |
| class-6 |   0.995   | 0.997  |    0.978    |
| class-7 |    1.0    |  1.0   |     1.0     |
| class-8 |    0.98   |  1.0   |    0.998    |
| class-9 |   0.726   | 0.965  |    0.992    |
+---------+-----------+--------+-------------+
[2023-07-13 15:30:03]	valid-macro-F1-Score:0.8052
[2023-07-13 15:30:03]	Epoch: 011, Training: Loss: 0.9081, Accuracy: 96.6459 %, 
		Validation: Loss: 1.4949, Accuracy:97.9528 %, Time: 132.8887s
[2023-07-13 15:30:03]	Best Accuracy for validation : 0.9795 at epoch 011
[2023-07-13 15:30:03]	Best F1-score for validation : 0.8052 at epoch 011
[2023-07-13 15:30:03]	learning rate = 0.007356983684129987
[2023-07-13 15:30:03]	


************************Epoch: 12/30***********************
[2023-07-13 15:32:17]	[[8.400e+01 4.000e+00 5.000e+00 0.000e+00 0.000e+00 1.000e+00 0.000e+00
  0.000e+00 0.000e+00 0.000e+00]
 [0.000e+00 4.200e+01 0.000e+00 0.000e+00 0.000e+00 0.000e+00 0.000e+00
  0.000e+00 0.000e+00 0.000e+00]
 [0.000e+00 0.000e+00 2.500e+01 6.000e+00 0.000e+00 0.000e+00 0.000e+00
  0.000e+00 0.000e+00 3.000e+00]
 [0.000e+00 0.000e+00 0.000e+00 8.000e+00 0.000e+00 0.000e+00 1.000e+00
  0.000e+00 0.000e+00 0.000e+00]
 [0.000e+00 0.000e+00 0.000e+00 0.000e+00 7.700e+01 1.000e+00 2.000e+00
  0.000e+00 0.000e+00 1.000e+00]
 [0.000e+00 0.000e+00 1.000e+00 0.000e+00 0.000e+00 5.600e+01 1.000e+00
  0.000e+00 0.000e+00 0.000e+00]
 [3.000e+00 0.000e+00 6.000e+00 2.000e+00 0.000e+00 1.000e+00 3.429e+03
  0.000e+00 0.000e+00 1.000e+00]
 [0.000e+00 0.000e+00 0.000e+00 0.000e+00 0.000e+00 0.000e+00 0.000e+00
  5.000e+00 0.000e+00 0.000e+00]
 [0.000e+00 0.000e+00 5.000e+00 0.000e+00 1.000e+00 0.000e+00 1.000e+00
  0.000e+00 2.910e+02 3.000e+00]
 [0.000e+00 0.000e+00 9.000e+00 0.000e+00 0.000e+00 0.000e+00 0.000e+00
  0.000e+00 0.000e+00 7.700e+01]]
[2023-07-13 15:32:17]	the model accuracy is 0.9860308285163777
[2023-07-13 15:32:17]	+---------+-----------+--------+-------------+
|         | Precision | Recall | Specificity |
+---------+-----------+--------+-------------+
| class-0 |   0.894   | 0.966  |    0.998    |
| class-1 |    1.0    | 0.913  |     1.0     |
| class-2 |   0.735   |  0.49  |    0.998    |
| class-3 |   0.889   |  0.5   |     1.0     |
| class-4 |   0.951   | 0.987  |    0.999    |
| class-5 |   0.966   | 0.949  |     1.0     |
| class-6 |   0.996   | 0.999  |    0.982    |
| class-7 |    1.0    |  1.0   |     1.0     |
| class-8 |   0.967   |  1.0   |    0.997    |
| class-9 |   0.895   | 0.906  |    0.998    |
+---------+-----------+--------+-------------+
[2023-07-13 15:32:17]	valid-macro-F1-Score:0.8918
[2023-07-13 15:32:17]	Epoch: 012, Training: Loss: 0.9196, Accuracy: 97.2300 %, 
		Validation: Loss: 1.4911, Accuracy:98.6031 %, Time: 134.0006s
[2023-07-13 15:32:17]	Best Accuracy for validation : 0.9860 at epoch 012
[2023-07-13 15:32:17]	Best F1-score for validation : 0.8918 at epoch 012
[2023-07-13 15:32:17]	learning rate = 0.006913417161825447
[2023-07-13 15:32:18]	


************************Epoch: 13/30***********************
[2023-07-13 15:34:31]	[[8.100e+01 3.000e+00 4.000e+00 0.000e+00 0.000e+00 0.000e+00 0.000e+00
  0.000e+00 0.000e+00 0.000e+00]
 [0.000e+00 4.200e+01 0.000e+00 0.000e+00 0.000e+00 0.000e+00 0.000e+00
  0.000e+00 0.000e+00 0.000e+00]
 [3.000e+00 1.000e+00 2.600e+01 2.000e+00 0.000e+00 0.000e+00 1.000e+00
  0.000e+00 0.000e+00 1.000e+00]
 [0.000e+00 0.000e+00 5.000e+00 1.200e+01 0.000e+00 0.000e+00 2.000e+00
  0.000e+00 0.000e+00 0.000e+00]
 [0.000e+00 0.000e+00 0.000e+00 0.000e+00 7.500e+01 0.000e+00 2.000e+00
  0.000e+00 0.000e+00 0.000e+00]
 [0.000e+00 0.000e+00 0.000e+00 0.000e+00 0.000e+00 5.900e+01 2.000e+00
  0.000e+00 0.000e+00 0.000e+00]
 [3.000e+00 0.000e+00 2.000e+00 2.000e+00 2.000e+00 0.000e+00 3.426e+03
  0.000e+00 0.000e+00 0.000e+00]
 [0.000e+00 0.000e+00 0.000e+00 0.000e+00 0.000e+00 0.000e+00 0.000e+00
  5.000e+00 0.000e+00 0.000e+00]
 [0.000e+00 0.000e+00 0.000e+00 0.000e+00 1.000e+00 0.000e+00 1.000e+00
  0.000e+00 2.910e+02 0.000e+00]
 [0.000e+00 0.000e+00 1.400e+01 0.000e+00 0.000e+00 0.000e+00 0.000e+00
  0.000e+00 0.000e+00 8.400e+01]]
[2023-07-13 15:34:31]	the model accuracy is 0.9877167630057804
[2023-07-13 15:34:31]	+---------+-----------+--------+-------------+
|         | Precision | Recall | Specificity |
+---------+-----------+--------+-------------+
| class-0 |    0.92   | 0.931  |    0.998    |
| class-1 |    1.0    | 0.913  |     1.0     |
| class-2 |   0.765   |  0.51  |    0.998    |
| class-3 |   0.632   |  0.75  |    0.998    |
| class-4 |   0.974   | 0.962  |     1.0     |
| class-5 |   0.967   |  1.0   |     1.0     |
| class-6 |   0.997   | 0.998  |    0.987    |
| class-7 |    1.0    |  1.0   |     1.0     |
| class-8 |   0.993   |  1.0   |    0.999    |
| class-9 |   0.857   | 0.988  |    0.997    |
+---------+-----------+--------+-------------+
[2023-07-13 15:34:31]	valid-macro-F1-Score:0.9041
[2023-07-13 15:34:31]	Epoch: 013, Training: Loss: 0.9304, Accuracy: 97.6365 %, 
		Validation: Loss: 1.4801, Accuracy:98.7717 %, Time: 133.9158s
[2023-07-13 15:34:31]	Best Accuracy for validation : 0.9877 at epoch 013
[2023-07-13 15:34:31]	Best F1-score for validation : 0.9041 at epoch 013
[2023-07-13 15:34:31]	learning rate = 0.006451423386272309
[2023-07-13 15:34:32]	


************************Epoch: 14/30***********************
[2023-07-13 15:36:48]	[[8.100e+01 3.000e+00 0.000e+00 0.000e+00 0.000e+00 1.000e+00 0.000e+00
  0.000e+00 0.000e+00 0.000e+00]
 [0.000e+00 4.200e+01 0.000e+00 0.000e+00 0.000e+00 0.000e+00 0.000e+00
  0.000e+00 0.000e+00 0.000e+00]
 [3.000e+00 1.000e+00 3.800e+01 1.000e+00 0.000e+00 0.000e+00 1.000e+00
  0.000e+00 0.000e+00 1.000e+00]
 [0.000e+00 0.000e+00 2.000e+00 1.300e+01 0.000e+00 0.000e+00 4.000e+00
  0.000e+00 0.000e+00 0.000e+00]
 [0.000e+00 0.000e+00 0.000e+00 0.000e+00 7.700e+01 0.000e+00 3.000e+00
  0.000e+00 0.000e+00 1.000e+00]
 [0.000e+00 0.000e+00 0.000e+00 0.000e+00 0.000e+00 5.800e+01 3.000e+00
  0.000e+00 0.000e+00 0.000e+00]
 [3.000e+00 0.000e+00 1.000e+00 2.000e+00 0.000e+00 0.000e+00 3.422e+03
  0.000e+00 0.000e+00 0.000e+00]
 [0.000e+00 0.000e+00 0.000e+00 0.000e+00 0.000e+00 0.000e+00 0.000e+00
  5.000e+00 0.000e+00 0.000e+00]
 [0.000e+00 0.000e+00 0.000e+00 0.000e+00 1.000e+00 0.000e+00 1.000e+00
  0.000e+00 2.910e+02 0.000e+00]
 [0.000e+00 0.000e+00 1.000e+01 0.000e+00 0.000e+00 0.000e+00 0.000e+00
  0.000e+00 0.000e+00 8.300e+01]]
[2023-07-13 15:36:48]	the model accuracy is 0.9898843930635838
[2023-07-13 15:36:48]	+---------+-----------+--------+-------------+
|         | Precision | Recall | Specificity |
+---------+-----------+--------+-------------+
| class-0 |   0.953   | 0.931  |    0.999    |
| class-1 |    1.0    | 0.913  |     1.0     |
| class-2 |   0.844   | 0.745  |    0.998    |
| class-3 |   0.684   | 0.812  |    0.999    |
| class-4 |   0.951   | 0.987  |    0.999    |
| class-5 |   0.951   | 0.983  |    0.999    |
| class-6 |   0.998   | 0.997  |    0.992    |
| class-7 |    1.0    |  1.0   |     1.0     |
| class-8 |   0.993   |  1.0   |    0.999    |
| class-9 |   0.892   | 0.976  |    0.998    |
+---------+-----------+--------+-------------+
[2023-07-13 15:36:48]	valid-macro-F1-Score:0.9293
[2023-07-13 15:36:48]	Epoch: 014, Training: Loss: 0.9503, Accuracy: 97.9857 %, 
		Validation: Loss: 1.4785, Accuracy:98.9884 %, Time: 135.8048s
[2023-07-13 15:36:48]	Best Accuracy for validation : 0.9899 at epoch 014
[2023-07-13 15:36:48]	Best F1-score for validation : 0.9293 at epoch 014
[2023-07-13 15:36:48]	learning rate = 0.005975451610080639
[2023-07-13 15:36:48]	


************************Epoch: 15/30***********************
[2023-07-13 15:39:02]	[[8.400e+01 3.000e+00 4.000e+00 0.000e+00 0.000e+00 0.000e+00 0.000e+00
  0.000e+00 0.000e+00 0.000e+00]
 [0.000e+00 4.200e+01 0.000e+00 0.000e+00 0.000e+00 0.000e+00 0.000e+00
  0.000e+00 0.000e+00 0.000e+00]
 [0.000e+00 1.000e+00 3.600e+01 1.000e+00 0.000e+00 0.000e+00 2.000e+00
  0.000e+00 0.000e+00 1.000e+00]
 [0.000e+00 0.000e+00 2.000e+00 1.300e+01 0.000e+00 0.000e+00 4.000e+00
  0.000e+00 0.000e+00 0.000e+00]
 [0.000e+00 0.000e+00 0.000e+00 0.000e+00 7.700e+01 0.000e+00 2.000e+00
  0.000e+00 0.000e+00 0.000e+00]
 [0.000e+00 0.000e+00 0.000e+00 0.000e+00 0.000e+00 5.900e+01 2.000e+00
  0.000e+00 0.000e+00 0.000e+00]
 [3.000e+00 0.000e+00 0.000e+00 2.000e+00 1.000e+00 0.000e+00 3.422e+03
  0.000e+00 0.000e+00 0.000e+00]
 [0.000e+00 0.000e+00 0.000e+00 0.000e+00 0.000e+00 0.000e+00 1.000e+00
  5.000e+00 0.000e+00 0.000e+00]
 [0.000e+00 0.000e+00 0.000e+00 0.000e+00 0.000e+00 0.000e+00 1.000e+00
  0.000e+00 2.910e+02 0.000e+00]
 [0.000e+00 0.000e+00 9.000e+00 0.000e+00 0.000e+00 0.000e+00 0.000e+00
  0.000e+00 0.000e+00 8.400e+01]]
[2023-07-13 15:39:02]	the model accuracy is 0.990606936416185
[2023-07-13 15:39:02]	+---------+-----------+--------+-------------+
|         | Precision | Recall | Specificity |
+---------+-----------+--------+-------------+
| class-0 |   0.923   | 0.966  |    0.998    |
| class-1 |    1.0    | 0.913  |     1.0     |
| class-2 |   0.878   | 0.706  |    0.999    |
| class-3 |   0.684   | 0.812  |    0.999    |
| class-4 |   0.975   | 0.987  |     1.0     |
| class-5 |   0.967   |  1.0   |     1.0     |
| class-6 |   0.998   | 0.997  |    0.992    |
| class-7 |   0.833   |  1.0   |     1.0     |
| class-8 |   0.997   |  1.0   |     1.0     |
| class-9 |   0.903   | 0.988  |    0.998    |
+---------+-----------+--------+-------------+
[2023-07-13 15:39:02]	valid-macro-F1-Score:0.9237
[2023-07-13 15:39:02]	Epoch: 015, Training: Loss: 0.9789, Accuracy: 98.0038 %, 
		Validation: Loss: 1.4764, Accuracy:99.0607 %, Time: 133.8075s
[2023-07-13 15:39:02]	Best Accuracy for validation : 0.9906 at epoch 015
[2023-07-13 15:39:02]	Best F1-score for validation : 0.9293 at epoch 014
[2023-07-13 15:39:02]	learning rate = 0.005490085701647802
[2023-07-13 15:39:02]	


************************Epoch: 16/30***********************
[2023-07-13 15:41:17]	[[8.400e+01 3.000e+00 1.000e+00 0.000e+00 0.000e+00 0.000e+00 0.000e+00
  0.000e+00 0.000e+00 0.000e+00]
 [0.000e+00 4.200e+01 0.000e+00 0.000e+00 0.000e+00 0.000e+00 0.000e+00
  0.000e+00 0.000e+00 0.000e+00]
 [0.000e+00 1.000e+00 3.900e+01 1.000e+00 1.000e+00 0.000e+00 3.000e+00
  0.000e+00 0.000e+00 1.000e+00]
 [0.000e+00 0.000e+00 2.000e+00 1.300e+01 0.000e+00 0.000e+00 1.000e+00
  0.000e+00 0.000e+00 0.000e+00]
 [0.000e+00 0.000e+00 0.000e+00 0.000e+00 7.700e+01 0.000e+00 2.000e+00
  0.000e+00 0.000e+00 0.000e+00]
 [0.000e+00 0.000e+00 0.000e+00 0.000e+00 0.000e+00 5.900e+01 2.000e+00
  0.000e+00 0.000e+00 0.000e+00]
 [3.000e+00 0.000e+00 1.000e+00 2.000e+00 0.000e+00 0.000e+00 3.425e+03
  0.000e+00 0.000e+00 0.000e+00]
 [0.000e+00 0.000e+00 0.000e+00 0.000e+00 0.000e+00 0.000e+00 0.000e+00
  5.000e+00 0.000e+00 0.000e+00]
 [0.000e+00 0.000e+00 0.000e+00 0.000e+00 0.000e+00 0.000e+00 1.000e+00
  0.000e+00 2.910e+02 0.000e+00]
 [0.000e+00 0.000e+00 8.000e+00 0.000e+00 0.000e+00 0.000e+00 0.000e+00
  0.000e+00 0.000e+00 8.400e+01]]
[2023-07-13 15:41:17]	the model accuracy is 0.9920520231213873
[2023-07-13 15:41:17]	+---------+-----------+--------+-------------+
|         | Precision | Recall | Specificity |
+---------+-----------+--------+-------------+
| class-0 |   0.955   | 0.966  |    0.999    |
| class-1 |    1.0    | 0.913  |     1.0     |
| class-2 |   0.848   | 0.765  |    0.998    |
| class-3 |   0.812   | 0.812  |    0.999    |
| class-4 |   0.975   | 0.987  |     1.0     |
| class-5 |   0.967   |  1.0   |     1.0     |
| class-6 |   0.998   | 0.997  |    0.992    |
| class-7 |    1.0    |  1.0   |     1.0     |
| class-8 |   0.997   |  1.0   |     1.0     |
| class-9 |   0.913   | 0.988  |    0.998    |
+---------+-----------+--------+-------------+
[2023-07-13 15:41:17]	valid-macro-F1-Score:0.9441
[2023-07-13 15:41:17]	Epoch: 016, Training: Loss: 1.0027, Accuracy: 97.7840 %, 
		Validation: Loss: 1.4738, Accuracy:99.2052 %, Time: 134.6865s
[2023-07-13 15:41:17]	Best Accuracy for validation : 0.9921 at epoch 016
[2023-07-13 15:41:17]	Best F1-score for validation : 0.9441 at epoch 016
[2023-07-13 15:41:17]	learning rate = 0.0049999999999999975
[2023-07-13 15:41:17]	


************************Epoch: 17/30***********************
[2023-07-13 15:43:30]	[[8.400e+01 3.000e+00 0.000e+00 0.000e+00 0.000e+00 0.000e+00 0.000e+00
  0.000e+00 0.000e+00 0.000e+00]
 [0.000e+00 4.200e+01 0.000e+00 0.000e+00 0.000e+00 0.000e+00 0.000e+00
  0.000e+00 0.000e+00 0.000e+00]
 [0.000e+00 1.000e+00 3.700e+01 0.000e+00 0.000e+00 0.000e+00 2.000e+00
  0.000e+00 0.000e+00 0.000e+00]
 [0.000e+00 0.000e+00 3.000e+00 1.400e+01 0.000e+00 0.000e+00 4.000e+00
  0.000e+00 0.000e+00 0.000e+00]
 [0.000e+00 0.000e+00 1.000e+00 0.000e+00 7.800e+01 1.000e+00 2.000e+00
  0.000e+00 0.000e+00 0.000e+00]
 [0.000e+00 0.000e+00 0.000e+00 0.000e+00 0.000e+00 5.800e+01 3.000e+00
  0.000e+00 0.000e+00 0.000e+00]
 [3.000e+00 0.000e+00 2.000e+00 2.000e+00 0.000e+00 0.000e+00 3.421e+03
  0.000e+00 0.000e+00 1.000e+00]
 [0.000e+00 0.000e+00 0.000e+00 0.000e+00 0.000e+00 0.000e+00 1.000e+00
  5.000e+00 0.000e+00 0.000e+00]
 [0.000e+00 0.000e+00 0.000e+00 0.000e+00 0.000e+00 0.000e+00 1.000e+00
  0.000e+00 2.910e+02 0.000e+00]
 [0.000e+00 0.000e+00 8.000e+00 0.000e+00 0.000e+00 0.000e+00 0.000e+00
  0.000e+00 0.000e+00 8.400e+01]]
[2023-07-13 15:43:30]	the model accuracy is 0.9908477842003853
[2023-07-13 15:43:30]	+---------+-----------+--------+-------------+
|         | Precision | Recall | Specificity |
+---------+-----------+--------+-------------+
| class-0 |   0.966   | 0.966  |    0.999    |
| class-1 |    1.0    | 0.913  |     1.0     |
| class-2 |   0.925   | 0.725  |    0.999    |
| class-3 |   0.667   | 0.875  |    0.998    |
| class-4 |   0.951   |  1.0   |    0.999    |
| class-5 |   0.951   | 0.983  |    0.999    |
| class-6 |   0.998   | 0.996  |    0.989    |
| class-7 |   0.833   |  1.0   |     1.0     |
| class-8 |   0.997   |  1.0   |     1.0     |
| class-9 |   0.913   | 0.988  |    0.998    |
+---------+-----------+--------+-------------+
[2023-07-13 15:43:30]	valid-macro-F1-Score:0.9285
[2023-07-13 15:43:30]	Epoch: 017, Training: Loss: 1.0341, Accuracy: 97.9767 %, 
		Validation: Loss: 1.4741, Accuracy:99.0848 %, Time: 133.4465s
[2023-07-13 15:43:30]	Best Accuracy for validation : 0.9921 at epoch 016
[2023-07-13 15:43:30]	Best F1-score for validation : 0.9441 at epoch 016
[2023-07-13 15:43:30]	learning rate = 0.004509914298352195
[2023-07-13 15:43:30]	


************************Epoch: 18/30***********************
[2023-07-13 15:45:46]	[[8.400e+01 3.000e+00 5.000e+00 0.000e+00 0.000e+00 0.000e+00 0.000e+00
  0.000e+00 0.000e+00 0.000e+00]
 [0.000e+00 4.200e+01 0.000e+00 0.000e+00 0.000e+00 0.000e+00 0.000e+00
  0.000e+00 0.000e+00 0.000e+00]
 [0.000e+00 1.000e+00 4.000e+01 0.000e+00 0.000e+00 0.000e+00 2.000e+00
  0.000e+00 0.000e+00 1.000e+00]
 [0.000e+00 0.000e+00 1.000e+00 1.600e+01 0.000e+00 0.000e+00 3.000e+00
  0.000e+00 0.000e+00 0.000e+00]
 [0.000e+00 0.000e+00 0.000e+00 0.000e+00 7.800e+01 0.000e+00 2.000e+00
  0.000e+00 0.000e+00 0.000e+00]
 [0.000e+00 0.000e+00 0.000e+00 0.000e+00 0.000e+00 5.900e+01 2.000e+00
  0.000e+00 0.000e+00 0.000e+00]
 [3.000e+00 0.000e+00 0.000e+00 0.000e+00 0.000e+00 0.000e+00 3.424e+03
  0.000e+00 0.000e+00 0.000e+00]
 [0.000e+00 0.000e+00 0.000e+00 0.000e+00 0.000e+00 0.000e+00 0.000e+00
  5.000e+00 0.000e+00 0.000e+00]
 [0.000e+00 0.000e+00 0.000e+00 0.000e+00 0.000e+00 0.000e+00 1.000e+00
  0.000e+00 2.910e+02 0.000e+00]
 [0.000e+00 0.000e+00 5.000e+00 0.000e+00 0.000e+00 0.000e+00 0.000e+00
  0.000e+00 0.000e+00 8.400e+01]]
[2023-07-13 15:45:46]	the model accuracy is 0.9930154142581888
[2023-07-13 15:45:46]	+---------+-----------+--------+-------------+
|         | Precision | Recall | Specificity |
+---------+-----------+--------+-------------+
| class-0 |   0.913   | 0.966  |    0.998    |
| class-1 |    1.0    | 0.913  |     1.0     |
| class-2 |   0.909   | 0.784  |    0.999    |
| class-3 |    0.8    |  1.0   |    0.999    |
| class-4 |   0.975   |  1.0   |     1.0     |
| class-5 |   0.967   |  1.0   |     1.0     |
| class-6 |   0.999   | 0.997  |    0.996    |
| class-7 |    1.0    |  1.0   |     1.0     |
| class-8 |   0.997   |  1.0   |     1.0     |
| class-9 |   0.944   | 0.988  |    0.999    |
+---------+-----------+--------+-------------+
[2023-07-13 15:45:46]	valid-macro-F1-Score:0.9557
[2023-07-13 15:45:46]	Epoch: 018, Training: Loss: 1.0537, Accuracy: 98.0068 %, 
		Validation: Loss: 1.4709, Accuracy:99.3015 %, Time: 135.5498s
[2023-07-13 15:45:46]	Best Accuracy for validation : 0.9930 at epoch 018
[2023-07-13 15:45:46]	Best F1-score for validation : 0.9557 at epoch 018
[2023-07-13 15:45:46]	learning rate = 0.004024548389919357
[2023-07-13 15:45:46]	


************************Epoch: 19/30***********************
[2023-07-13 15:48:01]	[[8.200e+01 2.000e+00 0.000e+00 0.000e+00 0.000e+00 0.000e+00 0.000e+00
  0.000e+00 0.000e+00 0.000e+00]
 [0.000e+00 4.200e+01 0.000e+00 0.000e+00 0.000e+00 0.000e+00 0.000e+00
  0.000e+00 0.000e+00 0.000e+00]
 [2.000e+00 2.000e+00 4.500e+01 0.000e+00 0.000e+00 0.000e+00 1.000e+00
  0.000e+00 0.000e+00 1.000e+00]
 [0.000e+00 0.000e+00 1.000e+00 1.500e+01 0.000e+00 0.000e+00 2.000e+00
  0.000e+00 0.000e+00 0.000e+00]
 [0.000e+00 0.000e+00 0.000e+00 0.000e+00 7.800e+01 0.000e+00 2.000e+00
  0.000e+00 0.000e+00 0.000e+00]
 [0.000e+00 0.000e+00 0.000e+00 0.000e+00 0.000e+00 5.900e+01 3.000e+00
  0.000e+00 0.000e+00 0.000e+00]
 [3.000e+00 0.000e+00 0.000e+00 1.000e+00 0.000e+00 0.000e+00 3.424e+03
  0.000e+00 0.000e+00 0.000e+00]
 [0.000e+00 0.000e+00 0.000e+00 0.000e+00 0.000e+00 0.000e+00 0.000e+00
  5.000e+00 0.000e+00 0.000e+00]
 [0.000e+00 0.000e+00 0.000e+00 0.000e+00 0.000e+00 0.000e+00 1.000e+00
  0.000e+00 2.910e+02 0.000e+00]
 [0.000e+00 0.000e+00 5.000e+00 0.000e+00 0.000e+00 0.000e+00 1.000e+00
  0.000e+00 0.000e+00 8.400e+01]]
[2023-07-13 15:48:01]	the model accuracy is 0.9934971098265896
[2023-07-13 15:48:01]	+---------+-----------+--------+-------------+
|         | Precision | Recall | Specificity |
+---------+-----------+--------+-------------+
| class-0 |   0.976   | 0.943  |     1.0     |
| class-1 |    1.0    | 0.913  |     1.0     |
| class-2 |   0.882   | 0.882  |    0.999    |
| class-3 |   0.833   | 0.938  |    0.999    |
| class-4 |   0.975   |  1.0   |     1.0     |
| class-5 |   0.952   |  1.0   |    0.999    |
| class-6 |   0.999   | 0.997  |    0.994    |
| class-7 |    1.0    |  1.0   |     1.0     |
| class-8 |   0.997   |  1.0   |     1.0     |
| class-9 |   0.933   | 0.988  |    0.999    |
+---------+-----------+--------+-------------+
[2023-07-13 15:48:01]	valid-macro-F1-Score:0.9597
[2023-07-13 15:48:01]	Epoch: 019, Training: Loss: 1.0826, Accuracy: 98.3500 %, 
		Validation: Loss: 1.4699, Accuracy:99.3497 %, Time: 134.5360s
[2023-07-13 15:48:01]	Best Accuracy for validation : 0.9935 at epoch 019
[2023-07-13 15:48:01]	Best F1-score for validation : 0.9597 at epoch 019
[2023-07-13 15:48:01]	learning rate = 0.0035485766137276875
[2023-07-13 15:48:01]	


************************Epoch: 20/30***********************
[2023-07-13 15:50:16]	[[8.400e+01 3.000e+00 3.000e+00 0.000e+00 0.000e+00 0.000e+00 0.000e+00
  0.000e+00 0.000e+00 0.000e+00]
 [0.000e+00 4.200e+01 0.000e+00 0.000e+00 0.000e+00 0.000e+00 0.000e+00
  0.000e+00 0.000e+00 0.000e+00]
 [0.000e+00 1.000e+00 4.200e+01 0.000e+00 0.000e+00 0.000e+00 2.000e+00
  0.000e+00 0.000e+00 1.000e+00]
 [0.000e+00 0.000e+00 0.000e+00 1.500e+01 0.000e+00 0.000e+00 4.000e+00
  0.000e+00 0.000e+00 0.000e+00]
 [0.000e+00 0.000e+00 0.000e+00 0.000e+00 7.800e+01 0.000e+00 2.000e+00
  0.000e+00 0.000e+00 0.000e+00]
 [0.000e+00 0.000e+00 0.000e+00 0.000e+00 0.000e+00 5.900e+01 1.000e+00
  0.000e+00 0.000e+00 0.000e+00]
 [3.000e+00 0.000e+00 0.000e+00 1.000e+00 0.000e+00 0.000e+00 3.425e+03
  0.000e+00 0.000e+00 0.000e+00]
 [0.000e+00 0.000e+00 0.000e+00 0.000e+00 0.000e+00 0.000e+00 0.000e+00
  5.000e+00 0.000e+00 0.000e+00]
 [0.000e+00 0.000e+00 0.000e+00 0.000e+00 0.000e+00 0.000e+00 0.000e+00
  0.000e+00 2.910e+02 0.000e+00]
 [0.000e+00 0.000e+00 6.000e+00 0.000e+00 0.000e+00 0.000e+00 0.000e+00
  0.000e+00 0.000e+00 8.400e+01]]
[2023-07-13 15:50:16]	the model accuracy is 0.9934971098265896
[2023-07-13 15:50:16]	+---------+-----------+--------+-------------+
|         | Precision | Recall | Specificity |
+---------+-----------+--------+-------------+
| class-0 |   0.933   | 0.966  |    0.999    |
| class-1 |    1.0    | 0.913  |     1.0     |
| class-2 |   0.913   | 0.824  |    0.999    |
| class-3 |   0.789   | 0.938  |    0.999    |
| class-4 |   0.975   |  1.0   |     1.0     |
| class-5 |   0.983   |  1.0   |     1.0     |
| class-6 |   0.999   | 0.997  |    0.994    |
| class-7 |    1.0    |  1.0   |     1.0     |
| class-8 |    1.0    |  1.0   |     1.0     |
| class-9 |   0.933   | 0.988  |    0.999    |
+---------+-----------+--------+-------------+
[2023-07-13 15:50:16]	valid-macro-F1-Score:0.9564
[2023-07-13 15:50:16]	Epoch: 020, Training: Loss: 1.1127, Accuracy: 98.6752 %, 
		Validation: Loss: 1.4697, Accuracy:99.3497 %, Time: 134.4945s
[2023-07-13 15:50:16]	Best Accuracy for validation : 0.9935 at epoch 019
[2023-07-13 15:50:16]	Best F1-score for validation : 0.9597 at epoch 019
[2023-07-13 15:50:16]	learning rate = 0.0030865828381745498
[2023-07-13 15:50:16]	


************************Epoch: 21/30***********************
[2023-07-13 15:52:30]	[[8.400e+01 3.000e+00 1.000e+00 0.000e+00 0.000e+00 0.000e+00 0.000e+00
  0.000e+00 0.000e+00 0.000e+00]
 [0.000e+00 4.300e+01 0.000e+00 0.000e+00 0.000e+00 0.000e+00 0.000e+00
  0.000e+00 0.000e+00 0.000e+00]
 [0.000e+00 0.000e+00 4.300e+01 0.000e+00 0.000e+00 0.000e+00 1.000e+00
  0.000e+00 0.000e+00 1.000e+00]
 [0.000e+00 0.000e+00 0.000e+00 1.500e+01 0.000e+00 0.000e+00 4.000e+00
  0.000e+00 0.000e+00 0.000e+00]
 [0.000e+00 0.000e+00 0.000e+00 0.000e+00 7.800e+01 0.000e+00 2.000e+00
  0.000e+00 0.000e+00 0.000e+00]
 [0.000e+00 0.000e+00 0.000e+00 0.000e+00 0.000e+00 5.900e+01 5.000e+00
  0.000e+00 0.000e+00 0.000e+00]
 [3.000e+00 0.000e+00 0.000e+00 1.000e+00 0.000e+00 0.000e+00 3.421e+03
  0.000e+00 0.000e+00 0.000e+00]
 [0.000e+00 0.000e+00 0.000e+00 0.000e+00 0.000e+00 0.000e+00 0.000e+00
  5.000e+00 0.000e+00 0.000e+00]
 [0.000e+00 0.000e+00 0.000e+00 0.000e+00 0.000e+00 0.000e+00 0.000e+00
  0.000e+00 2.910e+02 0.000e+00]
 [0.000e+00 0.000e+00 7.000e+00 0.000e+00 0.000e+00 0.000e+00 1.000e+00
  0.000e+00 0.000e+00 8.400e+01]]
[2023-07-13 15:52:30]	the model accuracy is 0.9930154142581888
[2023-07-13 15:52:30]	+---------+-----------+--------+-------------+
|         | Precision | Recall | Specificity |
+---------+-----------+--------+-------------+
| class-0 |   0.955   | 0.966  |    0.999    |
| class-1 |    1.0    | 0.935  |     1.0     |
| class-2 |   0.956   | 0.843  |     1.0     |
| class-3 |   0.789   | 0.938  |    0.999    |
| class-4 |   0.975   |  1.0   |     1.0     |
| class-5 |   0.922   |  1.0   |    0.999    |
| class-6 |   0.999   | 0.996  |    0.994    |
| class-7 |    1.0    |  1.0   |     1.0     |
| class-8 |    1.0    |  1.0   |     1.0     |
| class-9 |   0.913   | 0.988  |    0.998    |
+---------+-----------+--------+-------------+
[2023-07-13 15:52:30]	valid-macro-F1-Score:0.9573
[2023-07-13 15:52:30]	Epoch: 021, Training: Loss: 1.1492, Accuracy: 98.6030 %, 
		Validation: Loss: 1.4701, Accuracy:99.3015 %, Time: 134.6037s
[2023-07-13 15:52:30]	Best Accuracy for validation : 0.9935 at epoch 019
[2023-07-13 15:52:30]	Best F1-score for validation : 0.9597 at epoch 019
[2023-07-13 15:52:30]	learning rate = 0.00264301631587001
[2023-07-13 15:52:30]	


************************Epoch: 22/30***********************
[2023-07-13 15:54:46]	[[8.400e+01 2.000e+00 2.000e+00 0.000e+00 0.000e+00 0.000e+00 0.000e+00
  0.000e+00 0.000e+00 0.000e+00]
 [0.000e+00 4.400e+01 0.000e+00 0.000e+00 0.000e+00 0.000e+00 0.000e+00
  0.000e+00 0.000e+00 0.000e+00]
 [1.000e+00 0.000e+00 4.400e+01 0.000e+00 0.000e+00 0.000e+00 1.000e+00
  0.000e+00 0.000e+00 1.000e+00]
 [0.000e+00 0.000e+00 0.000e+00 1.500e+01 0.000e+00 0.000e+00 4.000e+00
  0.000e+00 0.000e+00 0.000e+00]
 [0.000e+00 0.000e+00 0.000e+00 0.000e+00 7.800e+01 0.000e+00 2.000e+00
  0.000e+00 0.000e+00 0.000e+00]
 [0.000e+00 0.000e+00 0.000e+00 0.000e+00 0.000e+00 5.900e+01 3.000e+00
  0.000e+00 0.000e+00 0.000e+00]
 [2.000e+00 0.000e+00 0.000e+00 1.000e+00 0.000e+00 0.000e+00 3.422e+03
  0.000e+00 0.000e+00 0.000e+00]
 [0.000e+00 0.000e+00 0.000e+00 0.000e+00 0.000e+00 0.000e+00 0.000e+00
  5.000e+00 0.000e+00 0.000e+00]
 [0.000e+00 0.000e+00 0.000e+00 0.000e+00 0.000e+00 0.000e+00 1.000e+00
  0.000e+00 2.910e+02 0.000e+00]
 [0.000e+00 0.000e+00 5.000e+00 0.000e+00 0.000e+00 0.000e+00 1.000e+00
  0.000e+00 0.000e+00 8.400e+01]]
[2023-07-13 15:54:46]	the model accuracy is 0.99373795761079
[2023-07-13 15:54:46]	+---------+-----------+--------+-------------+
|         | Precision | Recall | Specificity |
+---------+-----------+--------+-------------+
| class-0 |   0.955   | 0.966  |    0.999    |
| class-1 |    1.0    | 0.957  |     1.0     |
| class-2 |   0.936   | 0.863  |    0.999    |
| class-3 |   0.789   | 0.938  |    0.999    |
| class-4 |   0.975   |  1.0   |     1.0     |
| class-5 |   0.952   |  1.0   |    0.999    |
| class-6 |   0.999   | 0.997  |    0.996    |
| class-7 |    1.0    |  1.0   |     1.0     |
| class-8 |   0.997   |  1.0   |     1.0     |
| class-9 |   0.933   | 0.988  |    0.999    |
+---------+-----------+--------+-------------+
[2023-07-13 15:54:46]	valid-macro-F1-Score:0.9612
[2023-07-13 15:54:46]	Epoch: 022, Training: Loss: 1.1833, Accuracy: 98.5427 %, 
		Validation: Loss: 1.4689, Accuracy:99.3738 %, Time: 135.5207s
[2023-07-13 15:54:46]	Best Accuracy for validation : 0.9937 at epoch 022
[2023-07-13 15:54:46]	Best F1-score for validation : 0.9612 at epoch 022
[2023-07-13 15:54:46]	learning rate = 0.002222148834901989
[2023-07-13 15:54:46]	


************************Epoch: 23/30***********************
[2023-07-13 15:57:01]	[[8.300e+01 2.000e+00 0.000e+00 0.000e+00 0.000e+00 0.000e+00 0.000e+00
  0.000e+00 0.000e+00 0.000e+00]
 [0.000e+00 4.400e+01 0.000e+00 0.000e+00 0.000e+00 0.000e+00 0.000e+00
  0.000e+00 0.000e+00 0.000e+00]
 [2.000e+00 0.000e+00 4.700e+01 0.000e+00 0.000e+00 0.000e+00 1.000e+00
  0.000e+00 0.000e+00 1.000e+00]
 [0.000e+00 0.000e+00 2.000e+00 1.600e+01 0.000e+00 0.000e+00 4.000e+00
  0.000e+00 0.000e+00 0.000e+00]
 [0.000e+00 0.000e+00 0.000e+00 0.000e+00 7.800e+01 0.000e+00 3.000e+00
  0.000e+00 0.000e+00 0.000e+00]
 [0.000e+00 0.000e+00 0.000e+00 0.000e+00 0.000e+00 5.900e+01 2.000e+00
  0.000e+00 0.000e+00 0.000e+00]
 [2.000e+00 0.000e+00 0.000e+00 0.000e+00 0.000e+00 0.000e+00 3.422e+03
  0.000e+00 0.000e+00 0.000e+00]
 [0.000e+00 0.000e+00 0.000e+00 0.000e+00 0.000e+00 0.000e+00 0.000e+00
  5.000e+00 0.000e+00 0.000e+00]
 [0.000e+00 0.000e+00 0.000e+00 0.000e+00 0.000e+00 0.000e+00 1.000e+00
  0.000e+00 2.910e+02 0.000e+00]
 [0.000e+00 0.000e+00 2.000e+00 0.000e+00 0.000e+00 0.000e+00 1.000e+00
  0.000e+00 0.000e+00 8.400e+01]]
[2023-07-13 15:57:01]	the model accuracy is 0.9944605009633911
[2023-07-13 15:57:01]	+---------+-----------+--------+-------------+
|         | Precision | Recall | Specificity |
+---------+-----------+--------+-------------+
| class-0 |   0.976   | 0.954  |     1.0     |
| class-1 |    1.0    | 0.957  |     1.0     |
| class-2 |   0.922   | 0.922  |    0.999    |
| class-3 |   0.727   |  1.0   |    0.999    |
| class-4 |   0.963   |  1.0   |    0.999    |
| class-5 |   0.967   |  1.0   |     1.0     |
| class-6 |   0.999   | 0.997  |    0.997    |
| class-7 |    1.0    |  1.0   |     1.0     |
| class-8 |   0.997   |  1.0   |     1.0     |
| class-9 |   0.966   | 0.988  |    0.999    |
+---------+-----------+--------+-------------+
[2023-07-13 15:57:01]	valid-macro-F1-Score:0.9644
[2023-07-13 15:57:01]	Epoch: 023, Training: Loss: 1.2159, Accuracy: 98.7083 %, 
		Validation: Loss: 1.4684, Accuracy:99.4461 %, Time: 134.6636s
[2023-07-13 15:57:01]	Best Accuracy for validation : 0.9945 at epoch 023
[2023-07-13 15:57:01]	Best F1-score for validation : 0.9644 at epoch 023
[2023-07-13 15:57:01]	learning rate = 0.0018280335791817722
[2023-07-13 15:57:01]	


************************Epoch: 24/30***********************
[2023-07-13 15:59:15]	[[8.300e+01 2.000e+00 0.000e+00 0.000e+00 0.000e+00 0.000e+00 0.000e+00
  0.000e+00 0.000e+00 0.000e+00]
 [0.000e+00 4.400e+01 0.000e+00 0.000e+00 0.000e+00 0.000e+00 0.000e+00
  0.000e+00 0.000e+00 0.000e+00]
 [2.000e+00 0.000e+00 4.900e+01 0.000e+00 0.000e+00 0.000e+00 1.000e+00
  0.000e+00 0.000e+00 1.000e+00]
 [0.000e+00 0.000e+00 0.000e+00 1.500e+01 0.000e+00 0.000e+00 3.000e+00
  0.000e+00 0.000e+00 0.000e+00]
 [0.000e+00 0.000e+00 0.000e+00 0.000e+00 7.800e+01 0.000e+00 3.000e+00
  0.000e+00 0.000e+00 0.000e+00]
 [0.000e+00 0.000e+00 0.000e+00 0.000e+00 0.000e+00 5.900e+01 1.000e+00
  0.000e+00 0.000e+00 0.000e+00]
 [2.000e+00 0.000e+00 0.000e+00 1.000e+00 0.000e+00 0.000e+00 3.424e+03
  0.000e+00 0.000e+00 0.000e+00]
 [0.000e+00 0.000e+00 0.000e+00 0.000e+00 0.000e+00 0.000e+00 0.000e+00
  5.000e+00 0.000e+00 0.000e+00]
 [0.000e+00 0.000e+00 0.000e+00 0.000e+00 0.000e+00 0.000e+00 1.000e+00
  0.000e+00 2.910e+02 0.000e+00]
 [0.000e+00 0.000e+00 2.000e+00 0.000e+00 0.000e+00 0.000e+00 1.000e+00
  0.000e+00 0.000e+00 8.400e+01]]
[2023-07-13 15:59:15]	the model accuracy is 0.9951830443159922
[2023-07-13 15:59:15]	+---------+-----------+--------+-------------+
|         | Precision | Recall | Specificity |
+---------+-----------+--------+-------------+
| class-0 |   0.976   | 0.954  |     1.0     |
| class-1 |    1.0    | 0.957  |     1.0     |
| class-2 |   0.925   | 0.961  |    0.999    |
| class-3 |   0.833   | 0.938  |    0.999    |
| class-4 |   0.963   |  1.0   |    0.999    |
| class-5 |   0.983   |  1.0   |     1.0     |
| class-6 |   0.999   | 0.997  |    0.996    |
| class-7 |    1.0    |  1.0   |     1.0     |
| class-8 |   0.997   |  1.0   |     1.0     |
| class-9 |   0.966   | 0.988  |    0.999    |
+---------+-----------+--------+-------------+
[2023-07-13 15:59:15]	valid-macro-F1-Score:0.9713
[2023-07-13 15:59:15]	Epoch: 024, Training: Loss: 1.2459, Accuracy: 98.8107 %, 
		Validation: Loss: 1.4674, Accuracy:99.5183 %, Time: 134.2654s
[2023-07-13 15:59:15]	Best Accuracy for validation : 0.9952 at epoch 024
[2023-07-13 15:59:15]	Best F1-score for validation : 0.9713 at epoch 024
[2023-07-13 15:59:15]	learning rate = 0.001464466094067262
[2023-07-13 15:59:16]	


************************Epoch: 25/30***********************
[2023-07-13 16:01:31]	[[8.400e+01 0.000e+00 0.000e+00 0.000e+00 0.000e+00 0.000e+00 0.000e+00
  0.000e+00 0.000e+00 0.000e+00]
 [0.000e+00 4.600e+01 0.000e+00 0.000e+00 0.000e+00 0.000e+00 0.000e+00
  0.000e+00 0.000e+00 0.000e+00]
 [0.000e+00 0.000e+00 4.900e+01 0.000e+00 0.000e+00 0.000e+00 0.000e+00
  0.000e+00 0.000e+00 1.000e+00]
 [1.000e+00 0.000e+00 0.000e+00 1.600e+01 0.000e+00 0.000e+00 4.000e+00
  0.000e+00 0.000e+00 0.000e+00]
 [0.000e+00 0.000e+00 0.000e+00 0.000e+00 7.800e+01 0.000e+00 4.000e+00
  0.000e+00 0.000e+00 0.000e+00]
 [0.000e+00 0.000e+00 0.000e+00 0.000e+00 0.000e+00 5.900e+01 2.000e+00
  0.000e+00 0.000e+00 0.000e+00]
 [2.000e+00 0.000e+00 0.000e+00 0.000e+00 0.000e+00 0.000e+00 3.421e+03
  0.000e+00 0.000e+00 0.000e+00]
 [0.000e+00 0.000e+00 0.000e+00 0.000e+00 0.000e+00 0.000e+00 0.000e+00
  5.000e+00 0.000e+00 0.000e+00]
 [0.000e+00 0.000e+00 0.000e+00 0.000e+00 0.000e+00 0.000e+00 1.000e+00
  0.000e+00 2.910e+02 0.000e+00]
 [0.000e+00 0.000e+00 2.000e+00 0.000e+00 0.000e+00 0.000e+00 2.000e+00
  0.000e+00 0.000e+00 8.400e+01]]
[2023-07-13 16:01:31]	the model accuracy is 0.9954238921001927
[2023-07-13 16:01:31]	+---------+-----------+--------+-------------+
|         | Precision | Recall | Specificity |
+---------+-----------+--------+-------------+
| class-0 |    1.0    | 0.966  |     1.0     |
| class-1 |    1.0    |  1.0   |     1.0     |
| class-2 |    0.98   | 0.961  |     1.0     |
| class-3 |   0.762   |  1.0   |    0.999    |
| class-4 |   0.951   |  1.0   |    0.999    |
| class-5 |   0.967   |  1.0   |     1.0     |
| class-6 |   0.999   | 0.996  |    0.997    |
| class-7 |    1.0    |  1.0   |     1.0     |
| class-8 |   0.997   |  1.0   |     1.0     |
| class-9 |   0.955   | 0.988  |    0.999    |
+---------+-----------+--------+-------------+
[2023-07-13 16:01:31]	valid-macro-F1-Score:0.9743
[2023-07-13 16:01:31]	Epoch: 025, Training: Loss: 1.2783, Accuracy: 98.8468 %, 
		Validation: Loss: 1.4676, Accuracy:99.5424 %, Time: 135.0321s
[2023-07-13 16:01:31]	Best Accuracy for validation : 0.9954 at epoch 025
[2023-07-13 16:01:31]	Best F1-score for validation : 0.9743 at epoch 025
[2023-07-13 16:01:31]	learning rate = 0.0011349477331863145
[2023-07-13 16:01:31]	


************************Epoch: 26/30***********************
[2023-07-13 16:03:46]	[[8.300e+01 0.000e+00 0.000e+00 0.000e+00 0.000e+00 0.000e+00 0.000e+00
  0.000e+00 0.000e+00 0.000e+00]
 [0.000e+00 4.600e+01 0.000e+00 0.000e+00 0.000e+00 0.000e+00 0.000e+00
  0.000e+00 0.000e+00 0.000e+00]
 [1.000e+00 0.000e+00 5.000e+01 0.000e+00 0.000e+00 0.000e+00 1.000e+00
  0.000e+00 0.000e+00 3.000e+00]
 [1.000e+00 0.000e+00 0.000e+00 1.500e+01 0.000e+00 0.000e+00 3.000e+00
  0.000e+00 0.000e+00 0.000e+00]
 [0.000e+00 0.000e+00 0.000e+00 0.000e+00 7.800e+01 0.000e+00 3.000e+00
  0.000e+00 0.000e+00 0.000e+00]
 [0.000e+00 0.000e+00 0.000e+00 0.000e+00 0.000e+00 5.900e+01 3.000e+00
  0.000e+00 0.000e+00 0.000e+00]
 [2.000e+00 0.000e+00 0.000e+00 1.000e+00 0.000e+00 0.000e+00 3.422e+03
  0.000e+00 0.000e+00 0.000e+00]
 [0.000e+00 0.000e+00 0.000e+00 0.000e+00 0.000e+00 0.000e+00 0.000e+00
  5.000e+00 0.000e+00 0.000e+00]
 [0.000e+00 0.000e+00 0.000e+00 0.000e+00 0.000e+00 0.000e+00 1.000e+00
  0.000e+00 2.910e+02 0.000e+00]
 [0.000e+00 0.000e+00 1.000e+00 0.000e+00 0.000e+00 0.000e+00 1.000e+00
  0.000e+00 0.000e+00 8.200e+01]]
[2023-07-13 16:03:46]	the model accuracy is 0.994942196531792
[2023-07-13 16:03:46]	+---------+-----------+--------+-------------+
|         | Precision | Recall | Specificity |
+---------+-----------+--------+-------------+
| class-0 |    1.0    | 0.954  |     1.0     |
| class-1 |    1.0    |  1.0   |     1.0     |
| class-2 |   0.909   |  0.98  |    0.999    |
| class-3 |   0.789   | 0.938  |    0.999    |
| class-4 |   0.963   |  1.0   |    0.999    |
| class-5 |   0.952   |  1.0   |    0.999    |
| class-6 |   0.999   | 0.997  |    0.996    |
| class-7 |    1.0    |  1.0   |     1.0     |
| class-8 |   0.997   |  1.0   |     1.0     |
| class-9 |   0.976   | 0.965  |     1.0     |
+---------+-----------+--------+-------------+
[2023-07-13 16:03:46]	valid-macro-F1-Score:0.9700
[2023-07-13 16:03:46]	Epoch: 026, Training: Loss: 1.3139, Accuracy: 98.7144 %, 
		Validation: Loss: 1.4679, Accuracy:99.4942 %, Time: 135.3226s
[2023-07-13 16:03:46]	Best Accuracy for validation : 0.9954 at epoch 025
[2023-07-13 16:03:46]	Best F1-score for validation : 0.9743 at epoch 025
[2023-07-13 16:03:46]	learning rate = 0.0008426519384872728
[2023-07-13 16:03:46]	


************************Epoch: 27/30***********************
[2023-07-13 16:06:00]	[[8.200e+01 0.000e+00 0.000e+00 0.000e+00 0.000e+00 0.000e+00 0.000e+00
  0.000e+00 0.000e+00 0.000e+00]
 [0.000e+00 4.600e+01 0.000e+00 0.000e+00 0.000e+00 0.000e+00 0.000e+00
  0.000e+00 0.000e+00 0.000e+00]
 [2.000e+00 0.000e+00 5.000e+01 1.000e+00 0.000e+00 0.000e+00 1.000e+00
  0.000e+00 0.000e+00 1.000e+00]
 [1.000e+00 0.000e+00 0.000e+00 1.400e+01 0.000e+00 0.000e+00 3.000e+00
  0.000e+00 0.000e+00 0.000e+00]
 [0.000e+00 0.000e+00 0.000e+00 0.000e+00 7.800e+01 0.000e+00 2.000e+00
  0.000e+00 0.000e+00 0.000e+00]
 [0.000e+00 0.000e+00 0.000e+00 0.000e+00 0.000e+00 5.900e+01 3.000e+00
  0.000e+00 0.000e+00 0.000e+00]
 [2.000e+00 0.000e+00 0.000e+00 1.000e+00 0.000e+00 0.000e+00 3.423e+03
  0.000e+00 0.000e+00 0.000e+00]
 [0.000e+00 0.000e+00 0.000e+00 0.000e+00 0.000e+00 0.000e+00 0.000e+00
  5.000e+00 0.000e+00 0.000e+00]
 [0.000e+00 0.000e+00 0.000e+00 0.000e+00 0.000e+00 0.000e+00 1.000e+00
  0.000e+00 2.910e+02 0.000e+00]
 [0.000e+00 0.000e+00 1.000e+00 0.000e+00 0.000e+00 0.000e+00 1.000e+00
  0.000e+00 0.000e+00 8.400e+01]]
[2023-07-13 16:06:00]	the model accuracy is 0.9951830443159922
[2023-07-13 16:06:00]	+---------+-----------+--------+-------------+
|         | Precision | Recall | Specificity |
+---------+-----------+--------+-------------+
| class-0 |    1.0    | 0.943  |     1.0     |
| class-1 |    1.0    |  1.0   |     1.0     |
| class-2 |   0.909   |  0.98  |    0.999    |
| class-3 |   0.778   | 0.875  |    0.999    |
| class-4 |   0.975   |  1.0   |     1.0     |
| class-5 |   0.952   |  1.0   |    0.999    |
| class-6 |   0.999   | 0.997  |    0.996    |
| class-7 |    1.0    |  1.0   |     1.0     |
| class-8 |   0.997   |  1.0   |     1.0     |
| class-9 |   0.977   | 0.988  |     1.0     |
+---------+-----------+--------+-------------+
[2023-07-13 16:06:00]	valid-macro-F1-Score:0.9679
[2023-07-13 16:06:00]	Epoch: 027, Training: Loss: 1.3498, Accuracy: 98.5427 %, 
		Validation: Loss: 1.4678, Accuracy:99.5183 %, Time: 133.7997s
[2023-07-13 16:06:00]	Best Accuracy for validation : 0.9954 at epoch 025
[2023-07-13 16:06:00]	Best F1-score for validation : 0.9743 at epoch 025
[2023-07-13 16:06:00]	learning rate = 0.000590393678258225
[2023-07-13 16:06:00]	


************************Epoch: 28/30***********************
[2023-07-13 16:08:15]	[[8.300e+01 0.000e+00 1.000e+00 0.000e+00 0.000e+00 0.000e+00 0.000e+00
  0.000e+00 0.000e+00 0.000e+00]
 [0.000e+00 4.600e+01 0.000e+00 0.000e+00 0.000e+00 0.000e+00 0.000e+00
  0.000e+00 0.000e+00 0.000e+00]
 [1.000e+00 0.000e+00 4.900e+01 0.000e+00 0.000e+00 0.000e+00 1.000e+00
  0.000e+00 0.000e+00 1.000e+00]
 [1.000e+00 0.000e+00 0.000e+00 1.500e+01 0.000e+00 0.000e+00 4.000e+00
  0.000e+00 0.000e+00 0.000e+00]
 [0.000e+00 0.000e+00 0.000e+00 0.000e+00 7.800e+01 0.000e+00 3.000e+00
  0.000e+00 0.000e+00 0.000e+00]
 [0.000e+00 0.000e+00 0.000e+00 0.000e+00 0.000e+00 5.900e+01 3.000e+00
  0.000e+00 0.000e+00 0.000e+00]
 [2.000e+00 0.000e+00 0.000e+00 1.000e+00 0.000e+00 0.000e+00 3.421e+03
  0.000e+00 0.000e+00 0.000e+00]
 [0.000e+00 0.000e+00 0.000e+00 0.000e+00 0.000e+00 0.000e+00 0.000e+00
  5.000e+00 0.000e+00 0.000e+00]
 [0.000e+00 0.000e+00 0.000e+00 0.000e+00 0.000e+00 0.000e+00 1.000e+00
  0.000e+00 2.910e+02 0.000e+00]
 [0.000e+00 0.000e+00 1.000e+00 0.000e+00 0.000e+00 0.000e+00 1.000e+00
  0.000e+00 0.000e+00 8.400e+01]]
[2023-07-13 16:08:15]	the model accuracy is 0.994942196531792
[2023-07-13 16:08:15]	+---------+-----------+--------+-------------+
|         | Precision | Recall | Specificity |
+---------+-----------+--------+-------------+
| class-0 |   0.988   | 0.954  |     1.0     |
| class-1 |    1.0    |  1.0   |     1.0     |
| class-2 |   0.942   | 0.961  |    0.999    |
| class-3 |    0.75   | 0.938  |    0.999    |
| class-4 |   0.963   |  1.0   |    0.999    |
| class-5 |   0.952   |  1.0   |    0.999    |
| class-6 |   0.999   | 0.996  |    0.996    |
| class-7 |    1.0    |  1.0   |     1.0     |
| class-8 |   0.997   |  1.0   |     1.0     |
| class-9 |   0.977   | 0.988  |     1.0     |
+---------+-----------+--------+-------------+
[2023-07-13 16:08:15]	valid-macro-F1-Score:0.9690
[2023-07-13 16:08:15]	Epoch: 028, Training: Loss: 1.3856, Accuracy: 98.5548 %, 
		Validation: Loss: 1.4674, Accuracy:99.4942 %, Time: 135.4940s
[2023-07-13 16:08:15]	Best Accuracy for validation : 0.9954 at epoch 025
[2023-07-13 16:08:15]	Best F1-score for validation : 0.9743 at epoch 025
[2023-07-13 16:08:15]	learning rate = 0.0003806023374435661
[2023-07-13 16:08:15]	


************************Epoch: 29/30***********************
[2023-07-13 16:10:30]	[[8.300e+01 0.000e+00 0.000e+00 0.000e+00 0.000e+00 0.000e+00 0.000e+00
  0.000e+00 0.000e+00 0.000e+00]
 [0.000e+00 4.600e+01 0.000e+00 0.000e+00 0.000e+00 0.000e+00 0.000e+00
  0.000e+00 0.000e+00 0.000e+00]
 [1.000e+00 0.000e+00 4.900e+01 0.000e+00 0.000e+00 0.000e+00 1.000e+00
  0.000e+00 0.000e+00 1.000e+00]
 [1.000e+00 0.000e+00 0.000e+00 1.500e+01 0.000e+00 0.000e+00 4.000e+00
  0.000e+00 0.000e+00 0.000e+00]
 [0.000e+00 0.000e+00 0.000e+00 0.000e+00 7.800e+01 0.000e+00 3.000e+00
  0.000e+00 0.000e+00 0.000e+00]
 [0.000e+00 0.000e+00 0.000e+00 0.000e+00 0.000e+00 5.900e+01 3.000e+00
  0.000e+00 0.000e+00 0.000e+00]
 [2.000e+00 0.000e+00 0.000e+00 1.000e+00 0.000e+00 0.000e+00 3.421e+03
  0.000e+00 0.000e+00 0.000e+00]
 [0.000e+00 0.000e+00 0.000e+00 0.000e+00 0.000e+00 0.000e+00 0.000e+00
  5.000e+00 0.000e+00 0.000e+00]
 [0.000e+00 0.000e+00 0.000e+00 0.000e+00 0.000e+00 0.000e+00 1.000e+00
  0.000e+00 2.910e+02 0.000e+00]
 [0.000e+00 0.000e+00 2.000e+00 0.000e+00 0.000e+00 0.000e+00 1.000e+00
  0.000e+00 0.000e+00 8.400e+01]]
[2023-07-13 16:10:30]	the model accuracy is 0.994942196531792
[2023-07-13 16:10:30]	+---------+-----------+--------+-------------+
|         | Precision | Recall | Specificity |
+---------+-----------+--------+-------------+
| class-0 |    1.0    | 0.954  |     1.0     |
| class-1 |    1.0    |  1.0   |     1.0     |
| class-2 |   0.942   | 0.961  |    0.999    |
| class-3 |    0.75   | 0.938  |    0.999    |
| class-4 |   0.963   |  1.0   |    0.999    |
| class-5 |   0.952   |  1.0   |    0.999    |
| class-6 |   0.999   | 0.996  |    0.996    |
| class-7 |    1.0    |  1.0   |     1.0     |
| class-8 |   0.997   |  1.0   |     1.0     |
| class-9 |   0.966   | 0.988  |    0.999    |
+---------+-----------+--------+-------------+
[2023-07-13 16:10:30]	valid-macro-F1-Score:0.9690
[2023-07-13 16:10:30]	Epoch: 029, Training: Loss: 1.4189, Accuracy: 98.4012 %, 
		Validation: Loss: 1.4674, Accuracy:99.4942 %, Time: 134.7400s
[2023-07-13 16:10:30]	Best Accuracy for validation : 0.9954 at epoch 025
[2023-07-13 16:10:30]	Best F1-score for validation : 0.9743 at epoch 025
[2023-07-13 16:10:30]	learning rate = 0.00021529832133895577
[2023-07-13 16:10:30]	


************************Epoch: 30/30***********************
[2023-07-13 16:12:45]	[[8.400e+01 0.000e+00 0.000e+00 0.000e+00 0.000e+00 0.000e+00 0.000e+00
  0.000e+00 0.000e+00 0.000e+00]
 [0.000e+00 4.600e+01 0.000e+00 0.000e+00 0.000e+00 0.000e+00 0.000e+00
  0.000e+00 0.000e+00 0.000e+00]
 [0.000e+00 0.000e+00 5.000e+01 0.000e+00 0.000e+00 0.000e+00 1.000e+00
  0.000e+00 0.000e+00 1.000e+00]
 [1.000e+00 0.000e+00 0.000e+00 1.500e+01 0.000e+00 0.000e+00 4.000e+00
  0.000e+00 0.000e+00 0.000e+00]
 [0.000e+00 0.000e+00 0.000e+00 0.000e+00 7.800e+01 0.000e+00 2.000e+00
  0.000e+00 0.000e+00 0.000e+00]
 [0.000e+00 0.000e+00 0.000e+00 0.000e+00 0.000e+00 5.900e+01 3.000e+00
  0.000e+00 0.000e+00 0.000e+00]
 [2.000e+00 0.000e+00 0.000e+00 1.000e+00 0.000e+00 0.000e+00 3.422e+03
  0.000e+00 0.000e+00 0.000e+00]
 [0.000e+00 0.000e+00 0.000e+00 0.000e+00 0.000e+00 0.000e+00 0.000e+00
  5.000e+00 0.000e+00 0.000e+00]
 [0.000e+00 0.000e+00 0.000e+00 0.000e+00 0.000e+00 0.000e+00 1.000e+00
  0.000e+00 2.910e+02 0.000e+00]
 [0.000e+00 0.000e+00 1.000e+00 0.000e+00 0.000e+00 0.000e+00 1.000e+00
  0.000e+00 0.000e+00 8.400e+01]]
[2023-07-13 16:12:45]	the model accuracy is 0.9956647398843931
[2023-07-13 16:12:45]	+---------+-----------+--------+-------------+
|         | Precision | Recall | Specificity |
+---------+-----------+--------+-------------+
| class-0 |    1.0    | 0.966  |     1.0     |
| class-1 |    1.0    |  1.0   |     1.0     |
| class-2 |   0.962   |  0.98  |     1.0     |
| class-3 |    0.75   | 0.938  |    0.999    |
| class-4 |   0.975   |  1.0   |     1.0     |
| class-5 |   0.952   |  1.0   |    0.999    |
| class-6 |   0.999   | 0.997  |    0.996    |
| class-7 |    1.0    |  1.0   |     1.0     |
| class-8 |   0.997   |  1.0   |     1.0     |
| class-9 |   0.977   | 0.988  |     1.0     |
+---------+-----------+--------+-------------+
[2023-07-13 16:12:45]	valid-macro-F1-Score:0.9728
[2023-07-13 16:12:45]	Epoch: 030, Training: Loss: 1.4549, Accuracy: 98.4434 %, 
		Validation: Loss: 1.4672, Accuracy:99.5665 %, Time: 134.7903s
[2023-07-13 16:12:45]	Best Accuracy for validation : 0.9957 at epoch 030
[2023-07-13 16:12:45]	Best F1-score for validation : 0.9743 at epoch 025
[2023-07-13 16:12:45]	learning rate = 9.60735979838478e-05
[2023-07-13 16:12:45]	

********************************The performance of best_f1model:*******************************
[2023-07-13 16:12:45]	


Start test process
[2023-07-13 16:12:53]	test-macro-F1-Score:0.9647
[2023-07-13 16:12:53]	[[8.400e+01 0.000e+00 0.000e+00 0.000e+00 0.000e+00 0.000e+00 1.000e+00
  0.000e+00 0.000e+00 0.000e+00]
 [0.000e+00 4.500e+01 0.000e+00 0.000e+00 0.000e+00 0.000e+00 1.000e+00
  0.000e+00 0.000e+00 0.000e+00]
 [2.000e+00 0.000e+00 4.800e+01 1.000e+00 0.000e+00 0.000e+00 5.000e+00
  0.000e+00 0.000e+00 1.000e+00]
 [0.000e+00 0.000e+00 0.000e+00 1.400e+01 0.000e+00 0.000e+00 3.000e+00
  0.000e+00 0.000e+00 1.000e+00]
 [0.000e+00 0.000e+00 0.000e+00 0.000e+00 7.700e+01 0.000e+00 4.000e+00
  0.000e+00 0.000e+00 0.000e+00]
 [0.000e+00 0.000e+00 0.000e+00 0.000e+00 0.000e+00 5.900e+01 2.000e+00
  0.000e+00 0.000e+00 0.000e+00]
 [0.000e+00 0.000e+00 1.000e+00 0.000e+00 0.000e+00 0.000e+00 3.415e+03
  0.000e+00 0.000e+00 0.000e+00]
 [0.000e+00 0.000e+00 0.000e+00 0.000e+00 0.000e+00 0.000e+00 0.000e+00
  5.000e+00 0.000e+00 0.000e+00]
 [0.000e+00 0.000e+00 0.000e+00 0.000e+00 0.000e+00 0.000e+00 1.000e+00
  0.000e+00 2.900e+02 0.000e+00]
 [0.000e+00 0.000e+00 1.000e+00 0.000e+00 0.000e+00 0.000e+00 1.000e+00
  0.000e+00 0.000e+00 8.300e+01]]
[2023-07-13 16:12:53]	the model accuracy is 0.9939686369119421
[2023-07-13 16:12:53]	+---------+-----------+--------+-------------+
|         | Precision | Recall | Specificity |
+---------+-----------+--------+-------------+
| class-0 |   0.988   | 0.977  |     1.0     |
| class-1 |   0.978   |  1.0   |     1.0     |
| class-2 |   0.842   |  0.96  |    0.998    |
| class-3 |   0.778   | 0.933  |    0.999    |
| class-4 |   0.951   |  1.0   |    0.999    |
| class-5 |   0.967   |  1.0   |     1.0     |
| class-6 |    1.0    | 0.995  |    0.999    |
| class-7 |    1.0    |  1.0   |     1.0     |
| class-8 |   0.997   |  1.0   |     1.0     |
| class-9 |   0.976   | 0.976  |     1.0     |
+---------+-----------+--------+-------------+
[2023-07-13 16:12:53]	Test: Loss: 1.4681, Accuracy: 99.3969 %, Time: 8.0050s
[2023-07-13 16:12:54]	

********************************The performance of best_accmodel:*******************************
[2023-07-13 16:12:54]	


Start test process
[2023-07-13 16:13:01]	test-macro-F1-Score:0.9539
[2023-07-13 16:13:01]	[[8.400e+01 0.000e+00 0.000e+00 0.000e+00 0.000e+00 0.000e+00 1.000e+00
  0.000e+00 0.000e+00 0.000e+00]
 [0.000e+00 4.500e+01 0.000e+00 0.000e+00 0.000e+00 0.000e+00 0.000e+00
  0.000e+00 0.000e+00 0.000e+00]
 [2.000e+00 0.000e+00 4.700e+01 0.000e+00 0.000e+00 0.000e+00 6.000e+00
  0.000e+00 0.000e+00 1.000e+00]
 [0.000e+00 0.000e+00 1.000e+00 1.500e+01 0.000e+00 0.000e+00 6.000e+00
  0.000e+00 0.000e+00 1.000e+00]
 [0.000e+00 0.000e+00 0.000e+00 0.000e+00 7.700e+01 0.000e+00 1.000e+00
  0.000e+00 0.000e+00 0.000e+00]
 [0.000e+00 0.000e+00 0.000e+00 0.000e+00 0.000e+00 5.900e+01 0.000e+00
  0.000e+00 0.000e+00 0.000e+00]
 [0.000e+00 0.000e+00 1.000e+00 0.000e+00 0.000e+00 0.000e+00 3.417e+03
  0.000e+00 0.000e+00 0.000e+00]
 [0.000e+00 0.000e+00 0.000e+00 0.000e+00 0.000e+00 0.000e+00 1.000e+00
  5.000e+00 0.000e+00 0.000e+00]
 [0.000e+00 0.000e+00 0.000e+00 0.000e+00 0.000e+00 0.000e+00 1.000e+00
  0.000e+00 2.900e+02 0.000e+00]
 [0.000e+00 0.000e+00 1.000e+00 0.000e+00 0.000e+00 0.000e+00 0.000e+00
  0.000e+00 0.000e+00 8.300e+01]]
[2023-07-13 16:13:01]	the model accuracy is 0.9944511459589868
[2023-07-13 16:13:01]	+---------+-----------+--------+-------------+
|         | Precision | Recall | Specificity |
+---------+-----------+--------+-------------+
| class-0 |   0.988   | 0.977  |     1.0     |
| class-1 |    1.0    |  1.0   |     1.0     |
| class-2 |   0.839   |  0.94  |    0.998    |
| class-3 |   0.652   |  1.0   |    0.998    |
| class-4 |   0.987   |  1.0   |     1.0     |
| class-5 |    1.0    |  1.0   |     1.0     |
| class-6 |    1.0    | 0.995  |    0.999    |
| class-7 |   0.833   |  1.0   |     1.0     |
| class-8 |   0.997   |  1.0   |     1.0     |
| class-9 |   0.988   | 0.976  |     1.0     |
+---------+-----------+--------+-------------+
[2023-07-13 16:13:01]	Test: Loss: 1.4676, Accuracy: 99.4451 %, Time: 7.5648s
